<?xml version="1.0" encoding="utf-8"?><testsuites name="pytest tests"><testsuite name="pytest" errors="0" failures="0" skipped="0" tests="6" time="1.327" timestamp="2026-06-30T13:08:25.143879+00:00" hostname="agent-env-8520dbc1-b251-4dda-9039-aa68e45993f1"><testcase classname="backend.tests.test_auth_login_fix" name="test_login_success" time="0.496" /><testcase classname="backend.tests.test_auth_login_fix" name="test_login_wrong_password" time="0.271" /><testcase classname="backend.tests.test_auth_login_fix" name="test_auth_me" time="0.314" /><testcase classname="backend.tests.test_auth_login_fix" name="test_no_duplicate_users_in_db" time="0.013" /><testcase classname="backend.tests.test_auth_login_fix" name="test_relatorios_tecnicos_with_token" time="0.064" /><testcase classname="backend.tests.test_auth_login_fix" name="test_relatorios_tecnicos_unauthorized" time="0.041" /></testsuite></testsuites>