<?xml version="1.0" encoding="utf-8"?><testsuites name="pytest tests"><testsuite name="pytest" errors="0" failures="0" skipped="0" tests="5" time="2.650" timestamp="2026-07-05T16:10:49.619994+00:00" hostname="agent-env-8520dbc1-b251-4dda-9039-aa68e45993f1"><testcase classname="backend.tests.test_company_start_date" name="test_get_admin_users_returns_company_start_date" time="0.603" /><testcase classname="backend.tests.test_company_start_date" name="test_put_admin_user_updates_csd_then_reverts" time="0.514" /><testcase classname="backend.tests.test_company_start_date" name="test_put_without_csd_does_not_change_balance" time="0.242" /><testcase classname="backend.tests.test_company_start_date" name="test_create_user_defaults_csd_to_today" time="0.656" /><testcase classname="backend.tests.test_company_start_date" name="test_create_user_with_explicit_csd" time="0.566" /></testsuite></testsuites>