<?xml version="1.0" encoding="utf-8"?><testsuites name="pytest tests"><testsuite name="pytest" errors="0" failures="0" skipped="0" tests="7" time="5.143" timestamp="2026-06-30T20:30:18.088505+00:00" hostname="agent-env-8520dbc1-b251-4dda-9039-aa68e45993f1"><testcase classname="backend.tests.test_early_leave_credit_virtual_times.TestVirtualCreditTimes" name="test_01_seed_and_end_creates_pending_request" time="4.405" /><testcase classname="backend.tests.test_early_leave_credit_virtual_times.TestVirtualCreditTimes" name="test_02_authorization_pending_created" time="0.001" /><testcase classname="backend.tests.test_early_leave_credit_virtual_times.TestVirtualCreditTimes" name="test_03_approve_returns_60_minutes_message" time="0.143" /><testcase classname="backend.tests.test_early_leave_credit_virtual_times.TestVirtualCreditTimes" name="test_04_credit_entry_has_virtual_times" time="0.002" /><testcase classname="backend.tests.test_early_leave_credit_virtual_times.TestVirtualCreditTimes" name="test_05_monthly_detailed_shows_three_entries_with_times" time="0.114" /><testcase classname="backend.tests.test_early_leave_credit_virtual_times.TestVirtualCreditTimes" name="test_06_realtime_status_excludes_credit_from_entradas" time="0.121" /><testcase classname="backend.tests.test_early_leave_credit_virtual_times.TestRegressionMigratedCredit" name="test_07_monthly_detailed_june_credit_has_times" time="0.175" /></testsuite></testsuites>