<?xml version="1.0" encoding="utf-8"?><testsuites name="pytest tests"><testsuite name="pytest" errors="0" failures="0" skipped="0" tests="7" time="1.980" timestamp="2026-06-30T21:12:44.167197+00:00" hostname="agent-env-8520dbc1-b251-4dda-9039-aa68e45993f1"><testcase classname="backend.tests.test_early_leave_credit_red_display.TestMonthlyDetailed" name="test_credit_entry_flagged" time="0.621" /><testcase classname="backend.tests.test_early_leave_credit_red_display.TestMonthlyPDF" name="test_pdf_status_and_header" time="0.819" /><testcase classname="backend.tests.test_early_leave_credit_red_display.TestMonthlyPDF" name="test_pdf_contains_credit_red_color" time="0.050" /><testcase classname="backend.tests.test_early_leave_credit_red_display.TestMonthlyPDF" name="test_pdf_does_not_contain_credit_auto_obs" time="0.013" /><testcase classname="backend.tests.test_early_leave_credit_red_display.TestMonthlyPDF" name="test_pdf_credit_has_red_color_marker" time="0.002" /><testcase classname="backend.tests.test_early_leave_credit_red_display.TestMonthlyExcel" name="test_excel_red_font_on_credit_cells" time="0.137" /><testcase classname="backend.tests.test_early_leave_credit_red_display.TestRegression" name="test_other_days_not_marked_credit" time="0.116" /></testsuite></testsuites>