<?xml version="1.0" encoding="utf-8"?><testsuites name="pytest tests"><testsuite name="pytest" errors="0" failures="0" skipped="1" tests="15" time="45.100" timestamp="2026-09-03T14:25:57.068096+00:00" hostname="agent-env-8520dbc1-b251-4dda-9039-aa68e45993f1"><testcase classname="tests.test_pc_enviar_cotacao_fase5.TestValidacoesFase5" name="test_mix_legacy_e_novo_400" time="1.266" /><testcase classname="tests.test_pc_enviar_cotacao_fase5.TestValidacoesFase5" name="test_individual_com_2_destinatarios_400" time="0.087" /><testcase classname="tests.test_pc_enviar_cotacao_fase5.TestValidacoesFase5" name="test_email_manual_invalido_400" time="0.084" /><testcase classname="tests.test_pc_enviar_cotacao_fase5.TestValidacoesFase5" name="test_fornecedor_ids_inexistente_404" time="0.081" /><testcase classname="tests.test_pc_enviar_cotacao_fase5.TestValidacoesFase5" name="test_anexos_nao_pertencem_400" time="0.082" /><testcase classname="tests.test_pc_enviar_cotacao_fase5.TestValidacoesFase5" name="test_fornecedor_sem_email_400" time="0.083"><skipped type="pytest.skip" message="nenhum fornecedor sem email na DB">/app/backend/tests/test_pc_enviar_cotacao_fase5.py:165: nenhum fornecedor sem email na DB</skipped></testcase><testcase classname="tests.test_pc_enviar_cotacao_fase5.TestValidacoesFase5" name="test_materiais_intactos_apos_validacoes" time="0.414" /><testcase classname="tests.test_pc_enviar_cotacao_fase5.TestMultiGlobal" name="test_multi_forn_db_mais_manual" time="9.559" /><testcase classname="tests.test_pc_enviar_cotacao_fase5.TestMultiGlobal" name="test_dedup_por_email" time="3.541" /><testcase classname="tests.test_pc_enviar_cotacao_fase5.TestMultiGlobal" name="test_multi_parcial_materiais_1_destinatario" time="5.696" /><testcase classname="tests.test_pc_enviar_cotacao_fase5.TestFsPdf" name="test_incluir_fs_pdf_true" time="3.448" /><testcase classname="tests.test_pc_enviar_cotacao_fase5.TestFsPdf" name="test_default_sem_fs_pdf" time="3.948" /><testcase classname="tests.test_pc_enviar_cotacao_fase5.TestRetroCompatFase4" name="test_single_email_custom_sobrescreve" time="5.549" /><testcase classname="tests.test_pc_enviar_cotacao_fase5.TestRetroCompatFase4" name="test_single_fornecedor_db" time="5.083" /><testcase classname="tests.test_pc_enviar_cotacao_fase5.TestEnvioParcial" name="test_parcial_com_dominio_invalido" time="6.083" /></testsuite></testsuites>