<?xml version="1.0" encoding="utf-8"?><testsuites name="pytest tests"><testsuite name="pytest" errors="0" failures="1" skipped="1" tests="17" time="1.651" timestamp="2026-09-03T15:11:19.472533+00:00" hostname="agent-env-8520dbc1-b251-4dda-9039-aa68e45993f1"><testcase classname="tests.test_pc_fase6_modal.TestPCDetailEnrichment" name="test_no_mongo_id_leak" time="0.608" /><testcase classname="tests.test_pc_fase6_modal.TestPCDetailEnrichment" name="test_fase6_fields_present" time="0.000" /><testcase classname="tests.test_pc_fase6_modal.TestPCDetailEnrichment" name="test_core_header_fields" time="0.000" /><testcase classname="tests.test_pc_fase6_modal.TestPCDetailEnrichment" name="test_data_fs_is_parseable_iso" time="0.000"><failure message="AssertionError: data_fs empty&#10;assert None">E   AssertionError: data_fs empty
    assert None</failure></testcase><testcase classname="tests.test_pc_fase6_modal.TestPCDetailEnrichment" name="test_criado_por_nome_is_name_not_uuid" time="0.000" /><testcase classname="tests.test_pc_fase6_modal.TestPCDetailEnrichment" name="test_cliente_email_shape" time="0.000"><skipped type="pytest.skip" message="cliente sem email">/app/backend/tests/test_pc_fase6_modal.py:92: cliente sem email</skipped></testcase><testcase classname="tests.test_pc_fase6_modal.TestPCDetailEnrichment" name="test_materiais_have_columns_for_resumo_table" time="0.000" /><testcase classname="tests.test_pc_fase6_modal.TestPCDetailEnrichment" name="test_equipamento_fields" time="0.000" /><testcase classname="tests.test_pc_fase6_modal.TestPCDetailEnrichment" name="test_fotografias_have_url_and_no_base64" time="0.000" /><testcase classname="tests.test_pc_fase6_modal.TestPCStatusRegression" name="test_pc_cancelada_status" time="0.075" /><testcase classname="tests.test_pc_fase6_modal.TestPCStatusRegression" name="test_list_endpoint_still_works" time="0.085" /><testcase classname="tests.test_pc_fase6_modal.TestPCModalTabsEndpoints" name="test_documentos_endpoint" time="0.077" /><testcase classname="tests.test_pc_fase6_modal.TestPCModalTabsEndpoints" name="test_historico_endpoint" time="0.090" /><testcase classname="tests.test_pc_fase6_modal.TestPCModalTabsEndpoints" name="test_fotografias_endpoint" time="0.071" /><testcase classname="tests.test_pc_fase6_modal.TestPCModalTabsEndpoints" name="test_pdf_download" time="0.366" /><testcase classname="tests.test_pc_fase6_modal.TestPCModalTabsEndpoints" name="test_get_unknown_pc_returns_404" time="0.082" /><testcase classname="tests.test_pc_fase6_modal.TestPCModalTabsEndpoints" name="test_get_requires_auth" time="0.138" /></testsuite></testsuites>