<?xml version="1.0" encoding="utf-8"?><testsuites name="pytest tests"><testsuite name="pytest" errors="0" failures="0" skipped="0" tests="4" time="2.778" timestamp="2026-06-17T21:12:29.021451+00:00" hostname="agent-env-8520dbc1-b251-4dda-9039-aa68e45993f1"><testcase classname="tests.test_faturar_viagens_curtas_api" name="test_get_cliente_kannegiesser_has_flag_true" time="0.521" /><testcase classname="tests.test_faturar_viagens_curtas_api" name="test_put_cliente_persists_flag" time="0.600" /><testcase classname="tests.test_faturar_viagens_curtas_api" name="test_folha_horas_pdf_kannegiesser_no_so_km" time="0.603" /><testcase classname="tests.test_faturar_viagens_curtas_api" name="test_folha_horas_pdf_flag_off_contains_so_km" time="0.980" /></testsuite></testsuites>