<?xml version="1.0" encoding="utf-8"?><testsuites name="pytest tests"><testsuite name="pytest" errors="0" failures="0" skipped="0" tests="6" time="2.070" timestamp="2026-04-28T21:59:04.731627+00:00" hostname="agent-env-8520dbc1-b251-4dda-9039-aa68e45993f1"><testcase classname="backend.tests.test_fs_continuidade.TestCriarContinuidadeValidacoes" name="test_intervencao_ids_vazio" time="0.594" /><testcase classname="backend.tests.test_fs_continuidade.TestCriarContinuidadeValidacoes" name="test_intervencao_ids_invalido" time="0.053" /><testcase classname="backend.tests.test_fs_continuidade.TestCriarContinuidadeValidacoes" name="test_fs_origem_inexistente" time="0.050" /><testcase classname="backend.tests.test_fs_continuidade.TestCriarContinuidadeHappyPath" name="test_criar_continuidade_full_flow" time="0.484" /><testcase classname="backend.tests.test_fs_continuidade.TestBloqueioDesfacturar" name="test_desfacturar_bloqueado_apos_continuidade" time="0.228" /><testcase classname="backend.tests.test_fs_continuidade.TestPDFContinuidade" name="test_preview_pdf_nova_fs" time="0.595" /></testsuite></testsuites>