<?xml version="1.0" encoding="utf-8"?><testsuites name="pytest tests"><testsuite name="pytest" errors="0" failures="0" skipped="0" tests="6" time="16.253" timestamp="2026-06-30T20:55:06.472814+00:00" hostname="agent-env-8520dbc1-b251-4dda-9039-aa68e45993f1"><testcase classname="backend.tests.test_migration_early_leave_credit_times" name="test_backend_health" time="0.327" /><testcase classname="backend.tests.test_migration_early_leave_credit_times" name="test_migration_recorded" time="0.005" /><testcase classname="backend.tests.test_migration_early_leave_credit_times" name="test_idempotency_log_present" time="0.008" /><testcase classname="backend.tests.test_migration_early_leave_credit_times" name="test_regression_endpoints" time="0.674" /><testcase classname="backend.tests.test_migration_early_leave_credit_times" name="test_edge_case_fresh_orphan_credit_is_fixed_on_restart" time="7.504" /><testcase classname="backend.tests.test_migration_early_leave_credit_times" name="test_skip_case_credit_without_real_picagem" time="7.592" /></testsuite></testsuites>