<?xml version="1.0" encoding="utf-8"?><testsuites name="pytest tests"><testsuite name="pytest" errors="0" failures="0" skipped="0" tests="13" time="19.000" timestamp="2026-09-03T14:00:08.035799+00:00" hostname="agent-env-8520dbc1-b251-4dda-9039-aa68e45993f1"><testcase classname="tests.test_pc_enviar_cotacao.TestValidacoes" name="test_requires_auth" time="1.110" /><testcase classname="tests.test_pc_enviar_cotacao.TestValidacoes" name="test_pc_inexistente_404" time="0.089" /><testcase classname="tests.test_pc_enviar_cotacao.TestValidacoes" name="test_sem_fornecedor_400" time="0.073" /><testcase classname="tests.test_pc_enviar_cotacao.TestValidacoes" name="test_email_manual_invalido_400" time="0.080" /><testcase classname="tests.test_pc_enviar_cotacao.TestValidacoes" name="test_fornecedor_inexistente_404" time="0.085" /><testcase classname="tests.test_pc_enviar_cotacao.TestValidacoes" name="test_cc_invalido_400" time="0.072" /><testcase classname="tests.test_pc_enviar_cotacao.TestValidacoes" name="test_material_ids_nao_pertencem_400" time="0.085" /><testcase classname="tests.test_pc_enviar_cotacao.TestValidacoes" name="test_anexos_nao_pertencem_400" time="0.075" /><testcase classname="tests.test_pc_enviar_cotacao.TestValidacoes" name="test_materiais_intactos_apos_validacoes" time="0.076" /><testcase classname="tests.test_pc_enviar_cotacao.TestEnvioIndividual" name="test_envio_individual" time="4.655" /><testcase classname="tests.test_pc_enviar_cotacao.TestEnvioGlobal" name="test_envio_global_com_cc_e_sobrescrita" time="4.451" /><testcase classname="tests.test_pc_enviar_cotacao.TestAnexos" name="test_envio_com_anexo" time="3.338" /><testcase classname="tests.test_pc_enviar_cotacao.TestFornecedorDB" name="test_envio_com_fornecedor_db" time="4.724" /></testsuite></testsuites>