<?xml version="1.0" encoding="utf-8"?><testsuites name="pytest tests"><testsuite name="pytest" errors="0" failures="0" skipped="0" tests="6" time="1.777" timestamp="2026-04-21T14:42:22.089228+00:00" hostname="agent-env-8520dbc1-b251-4dda-9039-aa68e45993f1"><testcase classname="backend.tests.test_pc_equipamento_selection.TestPCEquipmentSelection" name="test_create_pc_with_first_equipment_only" time="0.999" /><testcase classname="backend.tests.test_pc_equipamento_selection.TestPCEquipmentSelection" name="test_create_sub_pc_with_second_equipment" time="0.154" /><testcase classname="backend.tests.test_pc_equipamento_selection.TestPCEquipmentSelection" name="test_create_pc_with_multiple_equipments" time="0.111" /><testcase classname="backend.tests.test_pc_equipamento_selection.TestPCEquipmentSelection" name="test_list_pedidos_cotacao_enriches_sub_pcs" time="0.061" /><testcase classname="backend.tests.test_pc_equipamento_selection.TestPCEquipmentSelection" name="test_sub_pcs_not_in_top_level_list" time="0.060" /><testcase classname="backend.tests.test_pc_equipamento_selection.TestPCEquipmentSelection" name="test_pedido_cotacao_model_persists_equipamento_ot_ids" time="0.324" /></testsuite></testsuites>