<?xml version="1.0" encoding="utf-8"?><testsuites name="pytest tests"><testsuite name="pytest" errors="0" failures="0" skipped="0" tests="7" time="3.235" timestamp="2026-03-06T20:56:53.778265+00:00" hostname="agent-env-8520dbc1-b251-4dda-9039-aa68e45993f1"><testcase classname="backend.tests.test_ot_relacionada_dieta.TestOTRelacionadaFeature" name="test_get_relatorios_contains_ot_relacionada_info" time="0.589" /><testcase classname="backend.tests.test_ot_relacionada_dieta.TestOTRelacionadaFeature" name="test_get_ot_361_has_relacionada" time="0.134" /><testcase classname="backend.tests.test_ot_relacionada_dieta.TestOTRelacionadaFeature" name="test_get_ot_356_has_posteriores" time="0.128" /><testcase classname="backend.tests.test_ot_relacionada_dieta.TestFolhaHorasPDF" name="test_folha_horas_pdf_generation" time="0.592" /><testcase classname="backend.tests.test_ot_relacionada_dieta.TestFolhaHorasPDF" name="test_folha_horas_data_endpoint" time="0.171" /><testcase classname="backend.tests.test_ot_relacionada_dieta.TestDietaCalculation" name="test_price_table_has_dieta_value" time="0.506" /><testcase classname="backend.tests.test_ot_relacionada_dieta.TestOTPDFGeneration" name="test_ot_pdf_preview" time="1.046" /></testsuite></testsuites>