<?xml version="1.0" encoding="utf-8"?><testsuites name="pytest tests"><testsuite name="pytest" errors="0" failures="0" skipped="0" tests="9" time="5.317" timestamp="2026-04-21T14:23:18.814181+00:00" hostname="agent-env-8520dbc1-b251-4dda-9039-aa68e45993f1"><testcase classname="backend.tests.test_equipamento_marca_grouping.TestEquipamentoSortByMarca" name="test_get_sorted_by_marca_alphabetically" time="1.291" /><testcase classname="backend.tests.test_equipamento_marca_grouping.TestEquipamentoDuplicateSeriePOST" name="test_create_unique_serie_success" time="0.112" /><testcase classname="backend.tests.test_equipamento_marca_grouping.TestEquipamentoDuplicateSeriePOST" name="test_create_empty_serie_allowed" time="0.390" /><testcase classname="backend.tests.test_equipamento_marca_grouping.TestEquipamentoDuplicateSeriePOST" name="test_duplicate_serie_same_client_returns_409" time="0.240" /><testcase classname="backend.tests.test_equipamento_marca_grouping.TestEquipamentoDuplicateSeriePOST" name="test_duplicate_serie_different_client_returns_409" time="0.268" /><testcase classname="backend.tests.test_equipamento_marca_grouping.TestEquipamentoDuplicateSeriePOST" name="test_whitespace_trimmed_duplicate_detected" time="0.242" /><testcase classname="backend.tests.test_equipamento_marca_grouping.TestEquipamentoDuplicateSeriePUT" name="test_put_duplicate_serie_returns_409" time="0.389" /><testcase classname="backend.tests.test_equipamento_marca_grouping.TestEquipamentoDuplicateSeriePUT" name="test_put_same_serie_on_same_equipment_allowed" time="0.253" /><testcase classname="backend.tests.test_equipamento_marca_grouping.TestEquipamentoDuplicateSeriePUT" name="test_put_unique_new_serie_succeeds" time="2.077" /></testsuite></testsuites>