<?xml version="1.0" encoding="utf-8"?><testsuites name="pytest tests"><testsuite name="pytest" errors="0" failures="0" skipped="0" tests="10" time="21.333" timestamp="2026-04-02T19:56:25.822331+00:00" hostname="agent-env-8520dbc1-b251-4dda-9039-aa68e45993f1"><testcase classname="backend.tests.test_cronometro_bug_fix.TestCronometroBugFix" name="test_01_auth_works" time="0.588" /><testcase classname="backend.tests.test_cronometro_bug_fix.TestCronometroBugFix" name="test_02_relatorio_exists" time="0.055" /><testcase classname="backend.tests.test_cronometro_bug_fix.TestCronometroBugFix" name="test_03_start_viagem_cronometro" time="0.106" /><testcase classname="backend.tests.test_cronometro_bug_fix.TestCronometroBugFix" name="test_04_stop_viagem_cronometro_verify_minutos" time="10.075" /><testcase classname="backend.tests.test_cronometro_bug_fix.TestCronometroBugFix" name="test_05_start_trabalho_cronometro" time="0.098" /><testcase classname="backend.tests.test_cronometro_bug_fix.TestCronometroBugFix" name="test_06_stop_trabalho_cronometro_verify_minutos" time="10.053" /><testcase classname="backend.tests.test_cronometro_bug_fix.TestCronometroBugFix" name="test_07_get_registos_tecnicos_has_minutos" time="0.061" /><testcase classname="backend.tests.test_cronometro_bug_fix.TestCronometroBugFix" name="test_08_folha_horas_data_has_minutos" time="0.054" /><testcase classname="backend.tests.test_cronometro_bug_fix.TestCronometroBugFix" name="test_09_cleanup_created_registos" time="0.105" /><testcase classname="backend.tests.test_cronometro_bug_fix.TestMigrationNoCorruption" name="test_10_no_records_with_null_minutos_after_restart" time="0.072" /></testsuite></testsuites>