<?xml version="1.0" encoding="utf-8"?><testsuites name="pytest tests"><testsuite name="pytest" errors="0" failures="0" skipped="0" tests="15" time="7.367" timestamp="2026-03-21T08:31:16.630427+00:00" hostname="agent-env-8520dbc1-b251-4dda-9039-aa68e45993f1"><testcase classname="backend.tests.test_fs_edit_features.TestFSEditFeatures" name="test_get_fs_photos" time="0.552" /><testcase classname="backend.tests.test_fs_edit_features.TestFSEditFeatures" name="test_update_photo_description" time="0.588" /><testcase classname="backend.tests.test_fs_edit_features.TestFSEditFeatures" name="test_update_photo_date" time="0.569" /><testcase classname="backend.tests.test_fs_edit_features.TestFSEditFeatures" name="test_update_photo_intervencao_id" time="0.573" /><testcase classname="backend.tests.test_fs_edit_features.TestFSEditFeatures" name="test_get_fs_signatures" time="0.438" /><testcase classname="backend.tests.test_fs_edit_features.TestFSEditFeatures" name="test_update_signature_name" time="0.590" /><testcase classname="backend.tests.test_fs_edit_features.TestFSEditFeatures" name="test_update_signature_date" time="0.499" /><testcase classname="backend.tests.test_fs_edit_features.TestFSEditFeatures" name="test_get_fs_materials" time="0.365" /><testcase classname="backend.tests.test_fs_edit_features.TestFSEditFeatures" name="test_update_material_intervencao_id" time="0.538" /><testcase classname="backend.tests.test_fs_edit_features.TestFSEditFeatures" name="test_get_fs_equipment" time="0.369" /><testcase classname="backend.tests.test_fs_edit_features.TestFSEditFeatures" name="test_update_equipment_intervencao_id" time="0.527" /><testcase classname="backend.tests.test_fs_edit_features.TestFSEditFeatures" name="test_update_photo_invalid_id" time="0.370" /><testcase classname="backend.tests.test_fs_edit_features.TestFSEditFeatures" name="test_update_signature_invalid_id" time="0.378" /><testcase classname="backend.tests.test_fs_edit_features.TestFSEditFeatures" name="test_update_photo_empty_data" time="0.468" /><testcase classname="backend.tests.test_fs_edit_features.TestFSEditFeatures" name="test_update_signature_empty_data" time="0.472" /></testsuite></testsuites>