<?xml version="1.0" encoding="utf-8"?><testsuites name="pytest tests"><testsuite name="pytest" errors="0" failures="0" skipped="0" tests="6" time="2.094" timestamp="2026-07-05T17:20:21.348898+00:00" hostname="agent-env-8520dbc1-b251-4dda-9039-aa68e45993f1"><testcase classname="backend.tests.test_vacation_carry_over" name="test_response_has_carry_over_fields" time="0.724" /><testcase classname="backend.tests.test_vacation_carry_over" name="test_scenario_A_no_leftover" time="0.221" /><testcase classname="backend.tests.test_vacation_carry_over" name="test_scenario_B_with_carry" time="0.282" /><testcase classname="backend.tests.test_vacation_carry_over" name="test_scenario_C_over_consumption_clamp" time="0.234" /><testcase classname="backend.tests.test_vacation_carry_over" name="test_balance_reflects_carry" time="0.357" /><testcase classname="backend.tests.test_vacation_carry_over" name="test_zzz_revert_state" time="0.223" /></testsuite></testsuites>