<?xml version="1.0" encoding="utf-8"?><testsuites name="pytest tests"><testsuite name="pytest" errors="0" failures="0" skipped="0" tests="27" time="9.039" timestamp="2026-03-20T21:48:37.713713+00:00" hostname="agent-env-8520dbc1-b251-4dda-9039-aa68e45993f1"><testcase classname="tests.test_regression_refactoring.TestAuthEndpoints" name="test_login_admin_success" time="0.397" /><testcase classname="tests.test_regression_refactoring.TestAuthEndpoints" name="test_login_invalid_credentials" time="0.117" /><testcase classname="tests.test_regression_refactoring.TestAuthEndpoints" name="test_auth_me_with_token" time="0.439" /><testcase classname="tests.test_regression_refactoring.TestAuthEndpoints" name="test_auth_me_without_token" time="0.118" /><testcase classname="tests.test_regression_refactoring.TestClientesEndpoints" name="test_get_clientes_list" time="0.435" /><testcase classname="tests.test_regression_refactoring.TestClientesEndpoints" name="test_get_clientes_requires_auth" time="0.103" /><testcase classname="tests.test_regression_refactoring.TestClientesEndpoints" name="test_create_cliente" time="0.595" /><testcase classname="tests.test_regression_refactoring.TestClientesEndpoints" name="test_get_cliente_by_id" time="0.585" /><testcase classname="tests.test_regression_refactoring.TestClientesEndpoints" name="test_update_cliente" time="0.766" /><testcase classname="tests.test_regression_refactoring.TestClientesEndpoints" name="test_delete_cliente_soft_delete" time="0.622" /><testcase classname="tests.test_regression_refactoring.TestRelatoriosTecnicosEndpoints" name="test_get_relatorios_tecnicos_list" time="0.446" /><testcase classname="tests.test_regression_refactoring.TestRelatoriosTecnicosEndpoints" name="test_get_relatorios_requires_auth" time="0.100" /><testcase classname="tests.test_regression_refactoring.TestReferenceTokenEndpoints" name="test_get_admin_reference_tokens" time="0.477" /><testcase classname="tests.test_regression_refactoring.TestReferenceTokenEndpoints" name="test_get_reference_tokens_requires_admin" time="0.126" /><testcase classname="tests.test_regression_refactoring.TestReferenceTokenEndpoints" name="test_public_reference_invalid_token" time="0.145" /><testcase classname="tests.test_regression_refactoring.TestReferenceTokenEndpoints" name="test_submit_reference_invalid_token" time="0.122" /><testcase classname="tests.test_regression_refactoring.TestNotificationsEndpoints" name="test_get_notifications" time="0.449" /><testcase classname="tests.test_regression_refactoring.TestNotificationsEndpoints" name="test_notifications_requires_auth" time="0.101" /><testcase classname="tests.test_regression_refactoring.TestTimeEntriesEndpoints" name="test_get_time_entries_today" time="0.464" /><testcase classname="tests.test_regression_refactoring.TestTimeEntriesEndpoints" name="test_time_entries_requires_auth" time="0.112" /><testcase classname="tests.test_regression_refactoring.TestServicesEndpoints" name="test_get_services" time="0.540" /><testcase classname="tests.test_regression_refactoring.TestServicesEndpoints" name="test_services_requires_auth" time="0.109" /><testcase classname="tests.test_regression_refactoring.TestPedidosCotacaoEndpoints" name="test_get_pedidos_cotacao" time="0.473" /><testcase classname="tests.test_regression_refactoring.TestPedidosCotacaoEndpoints" name="test_pedidos_cotacao_requires_auth" time="0.112" /><testcase classname="tests.test_regression_refactoring.TestHealthEndpoint" name="test_health_check" time="0.121" /><testcase classname="tests.test_regression_refactoring.TestUsersEndpoints" name="test_get_users_list" time="0.433" /><testcase classname="tests.test_regression_refactoring.TestEquipamentosEndpoints" name="test_get_equipamentos" time="0.454" /></testsuite></testsuites>