<?xml version="1.0" encoding="utf-8"?><testsuites name="pytest tests"><testsuite name="pytest" errors="0" failures="0" skipped="0" tests="14" time="2.407" timestamp="2026-03-20T20:19:34.105975+00:00" hostname="agent-env-8520dbc1-b251-4dda-9039-aa68e45993f1"><testcase classname="backend.tests.test_referencia_token.TestGetReferencePageData" name="test_valid_token_returns_fs_data" time="0.170" /><testcase classname="backend.tests.test_referencia_token.TestGetReferencePageData" name="test_invalid_token_returns_404" time="0.111" /><testcase classname="backend.tests.test_referencia_token.TestGetReferencePageData" name="test_used_token_returns_410" time="0.150" /><testcase classname="backend.tests.test_referencia_token.TestGetReferencePageData" name="test_expired_token_returns_410" time="0.126" /><testcase classname="backend.tests.test_referencia_token.TestSubmitReference" name="test_submit_reference_success" time="0.137" /><testcase classname="backend.tests.test_referencia_token.TestSubmitReference" name="test_submit_reference_creates_admin_notification" time="0.491" /><testcase classname="backend.tests.test_referencia_token.TestSubmitReference" name="test_submit_empty_reference_returns_400" time="0.131" /><testcase classname="backend.tests.test_referencia_token.TestSubmitReference" name="test_submit_whitespace_reference_returns_400" time="0.113" /><testcase classname="backend.tests.test_referencia_token.TestSubmitReference" name="test_submit_to_invalid_token_returns_404" time="0.113" /><testcase classname="backend.tests.test_referencia_token.TestSubmitReference" name="test_submit_to_used_token_returns_410" time="0.132" /><testcase classname="backend.tests.test_referencia_token.TestSubmitReference" name="test_submit_to_expired_token_returns_410" time="0.107" /><testcase classname="backend.tests.test_referencia_token.TestAdminReferenceAlerts" name="test_get_reference_alerts_requires_admin" time="0.124" /><testcase classname="backend.tests.test_referencia_token.TestAdminReferenceAlerts" name="test_get_reference_alerts_unauthenticated_fails" time="0.112" /><testcase classname="backend.tests.test_referencia_token.TestNotificationsEndpoint" name="test_notifications_include_referencia_interna_type" time="0.234" /></testsuite></testsuites>