<?xml version="1.0" encoding="utf-8"?><testsuites name="pytest tests"><testsuite name="pytest" errors="0" failures="0" skipped="0" tests="8" time="2.752" timestamp="2026-03-06T21:07:10.885758+00:00" hostname="agent-env-8520dbc1-b251-4dda-9039-aa68e45993f1"><testcase classname="backend.tests.test_intervencoes_equipamento.TestEquipamentoIntervencoes" name="test_get_intervencoes_returns_200" time="0.560" /><testcase classname="backend.tests.test_intervencoes_equipamento.TestEquipamentoIntervencoes" name="test_get_intervencoes_returns_list" time="1.307" /><testcase classname="backend.tests.test_intervencoes_equipamento.TestEquipamentoIntervencoes" name="test_intervencoes_have_required_fields" time="0.121" /><testcase classname="backend.tests.test_intervencoes_equipamento.TestEquipamentoIntervencoes" name="test_intervencoes_ot_numero_format" time="0.114" /><testcase classname="backend.tests.test_intervencoes_equipamento.TestEquipamentoIntervencoes" name="test_intervencoes_have_relatorio_assistencia" time="0.139" /><testcase classname="backend.tests.test_intervencoes_equipamento.TestEquipamentoIntervencoes" name="test_invalid_equipment_id_returns_404" time="0.122" /><testcase classname="backend.tests.test_intervencoes_equipamento.TestEquipamentoIntervencoes" name="test_unauthenticated_request_returns_401_or_403" time="0.165" /><testcase classname="backend.tests.test_intervencoes_equipamento.TestOTRelacionadaStillWorks" name="test_relatorios_have_ot_relacionada_fields" time="0.157" /></testsuite></testsuites>