<?xml version="1.0" encoding="utf-8"?><testsuites name="pytest tests"><testsuite name="pytest" errors="0" failures="0" skipped="1" tests="6" time="1.521" timestamp="2026-07-05T16:47:09.414044+00:00" hostname="agent-env-8520dbc1-b251-4dda-9039-aa68e45993f1"><testcase classname="backend.tests.test_admin_taken_by_year" name="test_get_taken_by_year_miguel" time="0.639" /><testcase classname="backend.tests.test_admin_taken_by_year" name="test_get_taken_by_year_user_without_start_date" time="0.253" /><testcase classname="backend.tests.test_admin_taken_by_year" name="test_post_taken_by_year_and_persistence" time="0.234" /><testcase classname="backend.tests.test_admin_taken_by_year" name="test_negative_days_taken_clamped" time="0.213" /><testcase classname="backend.tests.test_admin_taken_by_year" name="test_non_admin_forbidden" time="0.004"><skipped type="pytest.skip" message="No non-admin user available">/app/backend/tests/test_admin_taken_by_year.py:131: No non-admin user available</skipped></testcase><testcase classname="backend.tests.test_admin_taken_by_year" name="test_zzz_revert_state" time="0.113" /></testsuite></testsuites>