<?xml version="1.0" encoding="utf-8"?><testsuites name="pytest tests"><testsuite name="pytest" errors="0" failures="0" skipped="0" tests="8" time="2.749" timestamp="2026-03-19T00:57:28.674111+00:00" hostname="agent-env-8520dbc1-b251-4dda-9039-aa68e45993f1"><testcase classname="backend.tests.test_pc_management.TestPCCreation" name="test_get_fs_exists" time="0.621" /><testcase classname="backend.tests.test_pc_management.TestPCCreation" name="test_get_existing_pcs_for_fs" time="0.117" /><testcase classname="backend.tests.test_pc_management.TestPCCreation" name="test_add_material_cotacao_creates_pc" time="0.312" /><testcase classname="backend.tests.test_pc_management.TestPCCreation" name="test_add_material_cotacao_creates_subpc_when_pcs_exist" time="0.382" /><testcase classname="backend.tests.test_pc_management.TestPCCreation" name="test_add_material_aggregate_to_existing_pc" time="0.438" /><testcase classname="backend.tests.test_pc_management.TestPCGrouping" name="test_get_pcs_for_fs_returns_grouped_data" time="0.161" /><testcase classname="backend.tests.test_pc_management.TestPCGrouping" name="test_get_all_pcs_system_wide" time="0.158" /><testcase classname="backend.tests.test_pc_management.TestCleanup" name="test_cleanup_test_materials" time="0.486" /></testsuite></testsuites>