<?xml version="1.0" encoding="utf-8"?><testsuites name="pytest tests"><testsuite name="pytest" errors="0" failures="0" skipped="1" tests="11" time="3.991" timestamp="2026-02-23T15:21:42.491472+00:00" hostname="agent-env-b9461902-1050-444f-a589-35baf2cbb0e9"><testcase classname="backend.tests.test_tabela_preco.TestTabelasPreco" name="test_get_tabelas_preco" time="0.768" /><testcase classname="backend.tests.test_tabela_preco.TestTabelasPreco" name="test_update_tabela_preco" time="0.539" /><testcase classname="backend.tests.test_tabela_preco.TestTabelasPreco" name="test_update_invalid_table_id" time="0.201" /><testcase classname="backend.tests.test_tabela_preco.TestTarifas" name="test_get_tarifas" time="0.496" /><testcase classname="backend.tests.test_tabela_preco.TestTarifas" name="test_get_tarifas_filtered_by_table" time="0.180" /><testcase classname="backend.tests.test_tabela_preco.TestTarifas" name="test_get_all_tarifas" time="0.168" /><testcase classname="backend.tests.test_tabela_preco.TestTarifas" name="test_create_tarifa" time="0.326" /><testcase classname="backend.tests.test_tabela_preco.TestTarifas" name="test_create_tarifa_invalid_table" time="0.148" /><testcase classname="backend.tests.test_tabela_preco.TestTarifas" name="test_update_tarifa" time="0.134" /><testcase classname="backend.tests.test_tabela_preco.TestTarifas" name="test_delete_tarifa" time="0.425" /><testcase classname="backend.tests.test_tabela_preco.TestFolhaHorasEndpoint" name="test_folha_horas_data_endpoint_exists" time="0.529"><skipped type="pytest.skip" message="No OTs found to test folha-horas-data endpoint">/app/backend/tests/test_tabela_preco.py:281: No OTs found to test folha-horas-data endpoint</skipped></testcase></testsuite></testsuites>