<?xml version="1.0" encoding="utf-8"?><testsuites name="pytest tests"><testsuite name="pytest" errors="0" failures="0" skipped="0" tests="11" time="7.235" timestamp="2026-04-28T21:43:17.168023+00:00" hostname="agent-env-8520dbc1-b251-4dda-9039-aa68e45993f1"><testcase classname="backend.tests.test_facturacao_intervencoes.TestDisponibilidade" name="test_disponibilidade_returns_lines" time="0.552" /><testcase classname="backend.tests.test_facturacao_intervencoes.TestDisponibilidade" name="test_disponibilidade_404_for_unknown_fs" time="0.111" /><testcase classname="backend.tests.test_facturacao_intervencoes.TestDisponibilidade" name="test_disponibilidade_with_intervencao_id_no_existing" time="0.238" /><testcase classname="backend.tests.test_facturacao_intervencoes.TestFacturar" name="test_facturar_success" time="0.469" /><testcase classname="backend.tests.test_facturacao_intervencoes.TestFacturar" name="test_facturar_excede_disponivel_returns_400" time="0.256" /><testcase classname="backend.tests.test_facturacao_intervencoes.TestFacturar" name="test_facturar_substitui_nao_dobra" time="0.496" /><testcase classname="backend.tests.test_facturacao_intervencoes.TestFacturar" name="test_desfacturar" time="0.466" /><testcase classname="backend.tests.test_facturacao_intervencoes.TestFolhaHorasPDF" name="test_folha_horas_with_intervencao_ids" time="0.684" /><testcase classname="backend.tests.test_facturacao_intervencoes.TestFolhaHorasPDF" name="test_folha_horas_without_intervencao_ids_regression" time="0.998" /><testcase classname="backend.tests.test_facturacao_intervencoes.TestFolhaHorasPDF" name="test_folha_horas_with_null_intervencao_ids" time="1.018" /><testcase classname="backend.tests.test_facturacao_intervencoes.TestPreviewPDF" name="test_preview_pdf_generates_when_facturada" time="1.881" /></testsuite></testsuites>