<?xml version="1.0" encoding="utf-8"?><testsuites name="pytest tests"><testsuite name="pytest" errors="0" failures="1" skipped="0" tests="8" time="2.159" timestamp="2026-03-23T17:56:21.640024+00:00" hostname="agent-env-8520dbc1-b251-4dda-9039-aa68e45993f1"><testcase classname="backend.tests.test_photo_features.TestPhotoUpload" name="test_upload_photo_returns_correct_fields" time="0.690" /><testcase classname="backend.tests.test_photo_features.TestPhotoUpload" name="test_upload_photo_with_intervencao_id" time="0.280" /><testcase classname="backend.tests.test_photo_features.TestPhotoImageServing" name="test_get_image_has_cache_control_header" time="0.296"><failure message="AssertionError: Cache-Control should contain max-age, got: no-store, no-cache, must-revalidate&#10;assert 'max-age' in 'no-store, no-cache, must-revalidate'">backend/tests/test_photo_features.py:167: in test_get_image_has_cache_control_header
    assert "max-age" in cache_control, f"Cache-Control should contain max-age, got: {cache_control}"
E   AssertionError: Cache-Control should contain max-age, got: no-store, no-cache, must-revalidate
E   assert 'max-age' in 'no-store, no-cache, must-revalidate'</failure></testcase><testcase classname="backend.tests.test_photo_features.TestPhotoImageServing" name="test_get_thumbnail_works" time="0.195" /><testcase classname="backend.tests.test_photo_features.TestPhotoDelete" name="test_delete_photo_works" time="0.302" /><testcase classname="backend.tests.test_photo_features.TestPhotoDelete" name="test_delete_nonexistent_photo_returns_404" time="0.049" /><testcase classname="backend.tests.test_photo_features.TestPhotoList" name="test_list_photos_returns_array" time="0.076" /><testcase classname="backend.tests.test_photo_features.TestCleanup" name="test_cleanup_uploaded_photos" time="0.179" /></testsuite></testsuites>