<?xml version="1.0" encoding="utf-8"?><testsuites name="pytest tests"><testsuite name="pytest" errors="0" failures="0" skipped="0" tests="15" time="16.828" timestamp="2026-01-19T22:08:28.224472+00:00" hostname="agent-env-60fbdf34-584d-4619-a603-e73bd73b63e7"><testcase classname="tests.test_notifications_overtime.TestAuthSetup" name="test_admin_login" time="0.296" /><testcase classname="tests.test_notifications_overtime.TestNotificationCheckEndpoints" name="test_check_clock_in_endpoint" time="15.310" /><testcase classname="tests.test_notifications_overtime.TestNotificationCheckEndpoints" name="test_check_clock_out_endpoint" time="0.062" /><testcase classname="tests.test_notifications_overtime.TestNotificationCheckEndpoints" name="test_check_clock_in_requires_admin" time="0.042" /><testcase classname="tests.test_notifications_overtime.TestNotificationCheckEndpoints" name="test_check_clock_out_requires_admin" time="0.062" /><testcase classname="tests.test_notifications_overtime.TestOvertimeAuthorizationEndpoints" name="test_get_authorization_with_valid_token" time="0.305" /><testcase classname="tests.test_notifications_overtime.TestOvertimeAuthorizationEndpoints" name="test_get_authorization_with_invalid_token" time="0.035" /><testcase classname="tests.test_notifications_overtime.TestOvertimeAuthorizationEndpoints" name="test_decide_authorization_requires_admin" time="0.035" /><testcase classname="tests.test_notifications_overtime.TestOvertimeAuthorizationEndpoints" name="test_list_authorizations_endpoint" time="0.036" /><testcase classname="tests.test_notifications_overtime.TestOvertimeAuthorizationEndpoints" name="test_list_authorizations_with_status_filter" time="0.040" /><testcase classname="tests.test_notifications_overtime.TestOvertimeAuthorizationEndpoints" name="test_list_authorizations_requires_admin" time="0.078" /><testcase classname="tests.test_notifications_overtime.TestNotificationLogsEndpoint" name="test_get_notification_logs" time="0.300" /><testcase classname="tests.test_notifications_overtime.TestNotificationLogsEndpoint" name="test_get_notification_logs_with_limit" time="0.036" /><testcase classname="tests.test_notifications_overtime.TestNotificationLogsEndpoint" name="test_notification_logs_requires_admin" time="0.035" /><testcase classname="tests.test_notifications_overtime.TestSchedulerConfiguration" name="test_backend_health_check" time="0.037" /></testsuite></testsuites>