<?xml version="1.0" encoding="utf-8"?><testsuites name="pytest tests"><testsuite name="pytest" errors="0" failures="0" skipped="1" tests="30" time="2.825" timestamp="2026-04-29T08:39:16.624663+00:00" hostname="agent-env-8520dbc1-b251-4dda-9039-aa68e45993f1"><testcase classname="backend.tests.test_indisponibilidades.TestCreateValidations" name="test_create_valid_saida_antecipada" time="0.572" /><testcase classname="backend.tests.test_indisponibilidades.TestCreateValidations" name="test_invalid_tipo" time="0.045" /><testcase classname="backend.tests.test_indisponibilidades.TestCreateValidations" name="test_invalid_hhmm" time="0.048" /><testcase classname="backend.tests.test_indisponibilidades.TestCreateValidations" name="test_inicio_after_fim" time="0.050" /><testcase classname="backend.tests.test_indisponibilidades.TestCreateValidations" name="test_overlap_blocked" time="0.143" /><testcase classname="backend.tests.test_indisponibilidades.TestListing" name="test_get_me" time="0.144" /><testcase classname="backend.tests.test_indisponibilidades.TestListing" name="test_admin_list_all_with_filter" time="0.197" /><testcase classname="backend.tests.test_indisponibilidades.TestListing" name="test_check_endpoint" time="0.243" /><testcase classname="backend.tests.test_indisponibilidades.TestListing" name="test_historico" time="0.245" /><testcase classname="backend.tests.test_indisponibilidades.TestUpdateDelete" name="test_update_owner_resets_notif_flags" time="0.158" /><testcase classname="backend.tests.test_indisponibilidades.TestUpdateDelete" name="test_update_other_user_forbidden" time="0.052"><skipped type="pytest.skip" message="Could not create secondary user: 422 {&quot;detail&quot;:[{&quot;type&quot;:&quot;missing&quot;,&quot;loc&quot;:[&quot;body&quot;,&quot;phone&quot;],&quot;msg&quot;:&quot;Field required&quot;,&quot;input&quot;:{&quot;username&quot;:&quot;TEST_indisp_b5f591@example.com&quot;,&quot;password&quot;:&quot;test1234&quot;,&quot;email&quot;:&quot;TEST_indisp_b5f591@example.com&quot;,&quot;full_name&quot;:&quot;TEST Indisp&quot;},&quot;url&quot;:&quot;https://errors.pydantic.dev/2.12/v/missing&quot;}]}">/app/backend/tests/test_indisponibilidades.py:273: Could not create secondary user: 422 {"detail":[{"type":"missing","loc":["body","phone"],"msg":"Field required","input":{"username":"TEST_indisp_b5f591@example.com","password":"test1234","email":"TEST_indisp_b5f591@example.com","full_name":"TEST Indisp"},"url":"https://errors.pydantic.dev/2.12/v/missing"}]}</skipped></testcase><testcase classname="backend.tests.test_indisponibilidades.TestUpdateDelete" name="test_delete_owner" time="0.095" /><testcase classname="backend.tests.test_indisponibilidades.TestEarlyLeaveWarning" name="test_warning_present_for_saida_antecipada_today" time="0.290" /><testcase classname="backend.tests.test_indisponibilidades.TestEarlyLeaveWarning" name="test_no_warning_for_entrada_tardia" time="0.293" /><testcase classname="backend.tests.test_routes_smoke_imports" name="test_router_has_no_unresolved_names[auth_routes.py]" time="0.004" /><testcase classname="backend.tests.test_routes_smoke_imports" name="test_router_has_no_unresolved_names[clientes.py]" time="0.005" /><testcase classname="backend.tests.test_routes_smoke_imports" name="test_router_has_no_unresolved_names[company_info.py]" time="0.002" /><testcase classname="backend.tests.test_routes_smoke_imports" name="test_router_has_no_unresolved_names[cronometros.py]" time="0.003" /><testcase classname="backend.tests.test_routes_smoke_imports" name="test_router_has_no_unresolved_names[despesas_internas.py]" time="0.009" /><testcase classname="backend.tests.test_routes_smoke_imports" name="test_router_has_no_unresolved_names[equipamentos.py]" time="0.004" /><testcase classname="backend.tests.test_routes_smoke_imports" name="test_router_has_no_unresolved_names[indisponibilidades.py]" time="0.011" /><testcase classname="backend.tests.test_routes_smoke_imports" name="test_router_has_no_unresolved_names[notifications.py]" time="0.005" /><testcase classname="backend.tests.test_routes_smoke_imports" name="test_router_has_no_unresolved_names[overtime.py]" time="0.001" /><testcase classname="backend.tests.test_routes_smoke_imports" name="test_router_has_no_unresolved_names[pedidos_cotacao.py]" time="0.009" /><testcase classname="backend.tests.test_routes_smoke_imports" name="test_router_has_no_unresolved_names[references.py]" time="0.005" /><testcase classname="backend.tests.test_routes_smoke_imports" name="test_router_has_no_unresolved_names[relatorios.py]" time="0.050" /><testcase classname="backend.tests.test_routes_smoke_imports" name="test_router_has_no_unresolved_names[services.py]" time="0.009" /><testcase classname="backend.tests.test_routes_smoke_imports" name="test_router_has_no_unresolved_names[tabelas_tarifas.py]" time="0.005" /><testcase classname="backend.tests.test_routes_smoke_imports" name="test_router_has_no_unresolved_names[time_entries.py]" time="0.058" /><testcase classname="backend.tests.test_routes_smoke_imports" name="test_router_has_no_unresolved_names[vacations.py]" time="0.007" /></testsuite></testsuites>