<?xml version="1.0" encoding="utf-8"?><testsuites name="pytest tests"><testsuite name="pytest" errors="0" failures="0" skipped="0" tests="9" time="51.071" timestamp="2026-01-24T23:33:54.636472+00:00" hostname="agent-env-8cf8a717-3d97-4bb0-afd1-54f3331647fd"><testcase classname="backend.tests.test_edit_time_record.TestEditTimeRecord" name="test_get_registos_tecnicos" time="36.489" /><testcase classname="backend.tests.test_edit_time_record.TestEditTimeRecord" name="test_update_registo_with_hora_inicio_fim" time="11.662" /><testcase classname="backend.tests.test_edit_time_record.TestEditTimeRecord" name="test_update_registo_recalculates_codigo" time="0.432" /><testcase classname="backend.tests.test_edit_time_record.TestEditTimeRecord" name="test_update_registo_overnight" time="0.405" /><testcase classname="backend.tests.test_edit_time_record.TestEditTimeRecord" name="test_update_registo_without_hora_keeps_existing" time="0.432" /><testcase classname="backend.tests.test_edit_time_record.TestEditTimeRecord" name="test_update_nonexistent_registo_returns_404" time="0.382" /><testcase classname="backend.tests.test_edit_time_record.TestEditTimeRecord" name="test_update_registo_unauthorized" time="0.385" /><testcase classname="backend.tests.test_edit_time_record.TestEditTimeRecordValidation" name="test_update_with_only_hora_inicio" time="0.434" /><testcase classname="backend.tests.test_edit_time_record.TestEditTimeRecordValidation" name="test_update_with_valid_time_format" time="0.378" /></testsuite></testsuites>