<?xml version="1.0" encoding="utf-8"?><testsuites name="pytest tests"><testsuite name="pytest" errors="0" failures="0" skipped="0" tests="10" time="6.755" timestamp="2026-02-23T16:20:44.820146+00:00" hostname="agent-env-e7466d58-4f97-4194-94b4-fedcc7723126"><testcase classname="backend.tests.test_folha_horas_pdf.TestFolhaHorasPDF" name="test_get_tabelas_preco" time="0.891" /><testcase classname="backend.tests.test_folha_horas_pdf.TestFolhaHorasPDF" name="test_get_tarifas_by_table" time="0.533" /><testcase classname="backend.tests.test_folha_horas_pdf.TestFolhaHorasPDF" name="test_get_folha_horas_data" time="0.531" /><testcase classname="backend.tests.test_folha_horas_pdf.TestFolhaHorasPDF" name="test_generate_folha_horas_pdf_basic" time="0.677" /><testcase classname="backend.tests.test_folha_horas_pdf.TestFolhaHorasPDF" name="test_generate_folha_horas_pdf_with_different_tables" time="0.676" /><testcase classname="backend.tests.test_folha_horas_pdf.TestFolhaHorasPDF" name="test_generate_folha_horas_pdf_with_tarifas" time="0.809" /><testcase classname="backend.tests.test_folha_horas_pdf.TestFolhaHorasPDF" name="test_generate_folha_horas_pdf_with_extras" time="0.706" /><testcase classname="backend.tests.test_folha_horas_pdf.TestFolhaHorasPDF" name="test_generate_pdf_nonexistent_relatorio" time="0.647" /><testcase classname="backend.tests.test_folha_horas_pdf.TestTarifasAutoFill" name="test_tarifas_have_codigo" time="0.604" /><testcase classname="backend.tests.test_folha_horas_pdf.TestTarifasAutoFill" name="test_registos_have_codigo" time="0.601" /></testsuite></testsuites>