<?xml version="1.0" encoding="utf-8"?><testsuites name="pytest tests"><testsuite name="pytest" errors="0" failures="1" skipped="0" tests="9" time="4.781" timestamp="2026-01-24T23:33:33.250236+00:00" hostname="agent-env-8cf8a717-3d97-4bb0-afd1-54f3331647fd"><testcase classname="backend.tests.test_edit_time_record.TestEditTimeRecord" name="test_get_registos_tecnicos" time="0.564" /><testcase classname="backend.tests.test_edit_time_record.TestEditTimeRecord" name="test_update_registo_with_hora_inicio_fim" time="0.554" /><testcase classname="backend.tests.test_edit_time_record.TestEditTimeRecord" name="test_update_registo_recalculates_codigo" time="0.459" /><testcase classname="backend.tests.test_edit_time_record.TestEditTimeRecord" name="test_update_registo_overnight" time="0.485" /><testcase classname="backend.tests.test_edit_time_record.TestEditTimeRecord" name="test_update_registo_without_hora_keeps_existing" time="0.657" /><testcase classname="backend.tests.test_edit_time_record.TestEditTimeRecord" name="test_update_nonexistent_registo_returns_404" time="0.550" /><testcase classname="backend.tests.test_edit_time_record.TestEditTimeRecord" name="test_update_registo_unauthorized" time="0.433"><failure message="assert 403 == 401&#10; +  where 403 = &lt;Response [403]&gt;.status_code">backend/tests/test_edit_time_record.py:230: in test_update_registo_unauthorized
    assert response.status_code == 401
E   assert 403 == 401
E    +  where 403 = &lt;Response [403]&gt;.status_code</failure></testcase><testcase classname="backend.tests.test_edit_time_record.TestEditTimeRecordValidation" name="test_update_with_only_hora_inicio" time="0.504" /><testcase classname="backend.tests.test_edit_time_record.TestEditTimeRecordValidation" name="test_update_with_valid_time_format" time="0.444" /></testsuite></testsuites>