<?xml version="1.0" encoding="utf-8"?><testsuites name="pytest tests"><testsuite name="pytest" errors="0" failures="0" skipped="0" tests="9" time="3.003" timestamp="2026-03-07T16:18:59.797980+00:00" hostname="agent-env-8520dbc1-b251-4dda-9039-aa68e45993f1"><testcase classname="backend.tests.test_referencia_interna.TestClienteReferenciaInterna" name="test_get_clientes_returns_incluir_referencia_interna_field" time="0.570" /><testcase classname="backend.tests.test_referencia_interna.TestClienteReferenciaInterna" name="test_get_specific_client_returns_incluir_referencia_interna" time="0.109" /><testcase classname="backend.tests.test_referencia_interna.TestClienteReferenciaInterna" name="test_update_cliente_incluir_referencia_interna" time="0.308" /><testcase classname="backend.tests.test_referencia_interna.TestRelatorioReferenciaInterna" name="test_get_relatorios_returns_referencia_interna_cliente_field" time="0.124" /><testcase classname="backend.tests.test_referencia_interna.TestRelatorioReferenciaInterna" name="test_get_specific_relatorio_returns_referencia_interna_cliente" time="0.099" /><testcase classname="backend.tests.test_referencia_interna.TestRelatorioReferenciaInterna" name="test_update_relatorio_referencia_interna_cliente" time="0.282" /><testcase classname="backend.tests.test_referencia_interna.TestPDFGeneration" name="test_preview_pdf_endpoint_works" time="0.647" /><testcase classname="backend.tests.test_referencia_interna.TestPDFGeneration" name="test_pdf_contains_ref_interna_when_set" time="0.656" /><testcase classname="backend.tests.test_referencia_interna.TestFolhaHorasPDF" name="test_folha_horas_data_endpoint_returns_data" time="0.126" /></testsuite></testsuites>