<?xml version="1.0" encoding="utf-8"?><testsuites name="pytest tests"><testsuite name="pytest" errors="0" failures="0" skipped="0" tests="9" time="4.948" timestamp="2026-02-19T23:37:37.701312+00:00" hostname="agent-env-b45a8606-dd94-4e23-b0e2-70893359125c"><testcase classname="tests.test_justify_day.TestJustifyDay" name="test_justify_day_ferias" time="0.587" /><testcase classname="tests.test_justify_day.TestJustifyDay" name="test_justify_day_dar_dia" time="0.816" /><testcase classname="tests.test_justify_day.TestJustifyDay" name="test_justify_day_folga" time="0.493" /><testcase classname="tests.test_justify_day.TestJustifyDay" name="test_justify_day_falta" time="0.465" /><testcase classname="tests.test_justify_day.TestJustifyDay" name="test_justify_day_cancelamento_ferias" time="0.630" /><testcase classname="tests.test_justify_day.TestJustifyDay" name="test_justify_day_invalid_type" time="0.455" /><testcase classname="tests.test_justify_day.TestJustifyDay" name="test_justify_day_missing_fields" time="0.476" /><testcase classname="tests.test_justify_day.TestJustifyDay" name="test_justify_day_invalid_user" time="0.485" /><testcase classname="tests.test_justify_day.TestJustifyDay" name="test_justify_day_unauthorized" time="0.479" /></testsuite></testsuites>