<?xml version="1.0" encoding="utf-8"?><testsuites name="pytest tests"><testsuite name="pytest" errors="0" failures="1" skipped="2" tests="15" time="6.968" timestamp="2026-01-19T20:27:47.868837+00:00" hostname="agent-env-f65b0a9c-58e3-47fd-b5e4-41deb8e38d58"><testcase classname="tests.test_tarifas_folha_horas.TestAuth" name="test_admin_login" time="0.324" /><testcase classname="tests.test_tarifas_folha_horas.TestAuth" name="test_non_admin_login" time="0.296"><failure message="AssertionError: Non-admin login failed: {&quot;detail&quot;:&quot;Credenciais inválidas - senha incorreta&quot;}&#10;assert 401 == 200&#10; +  where 401 = &lt;Response [401]&gt;.status_code">tests/test_tarifas_folha_horas.py:39: in test_non_admin_login
    assert response.status_code == 200, f"Non-admin login failed: {response.text}"
E   AssertionError: Non-admin login failed: {"detail":"Credenciais inválidas - senha incorreta"}
E   assert 401 == 200
E    +  where 401 = &lt;Response [401]&gt;.status_code</failure></testcase><testcase classname="tests.test_tarifas_folha_horas.TestTarifas" name="test_get_tarifas_active" time="0.571" /><testcase classname="tests.test_tarifas_folha_horas.TestTarifas" name="test_get_all_tarifas_admin" time="0.564" /><testcase classname="tests.test_tarifas_folha_horas.TestTarifas" name="test_get_all_tarifas_non_admin_forbidden" time="0.519"><skipped type="pytest.skip" message="Non-admin user not available">/app/tests/test_tarifas_folha_horas.py:92: Non-admin user not available</skipped></testcase><testcase classname="tests.test_tarifas_folha_horas.TestTarifas" name="test_create_tarifa" time="0.560" /><testcase classname="tests.test_tarifas_folha_horas.TestTarifas" name="test_create_tarifa_duplicate_number" time="0.589" /><testcase classname="tests.test_tarifas_folha_horas.TestTarifas" name="test_update_tarifa" time="0.637" /><testcase classname="tests.test_tarifas_folha_horas.TestTarifas" name="test_delete_tarifa" time="0.623" /><testcase classname="tests.test_tarifas_folha_horas.TestTarifas" name="test_create_tarifa_non_admin_forbidden" time="0.510"><skipped type="pytest.skip" message="Non-admin user not available">/app/tests/test_tarifas_folha_horas.py:221: Non-admin user not available</skipped></testcase><testcase classname="tests.test_tarifas_folha_horas.TestFolhaHoras" name="test_get_folha_horas_data" time="0.355" /><testcase classname="tests.test_tarifas_folha_horas.TestFolhaHoras" name="test_get_folha_horas_data_not_found" time="0.295" /><testcase classname="tests.test_tarifas_folha_horas.TestFolhaHoras" name="test_generate_folha_horas_pdf" time="0.344" /><testcase classname="tests.test_tarifas_folha_horas.TestFolhaHoras" name="test_generate_folha_horas_pdf_empty_data" time="0.350" /><testcase classname="tests.test_tarifas_folha_horas.TestExistingTarifas" name="test_verify_existing_tarifas" time="0.292" /></testsuite></testsuites>