<?xml version="1.0" encoding="utf-8"?><testsuites name="pytest tests"><testsuite name="pytest" errors="0" failures="0" skipped="0" tests="7" time="2.622" timestamp="2026-03-18T23:37:14.975040+00:00" hostname="agent-env-8520dbc1-b251-4dda-9039-aa68e45993f1"><testcase classname="backend.tests.test_tipo_colaborador.TestTipoColaborador" name="test_get_admin_users_returns_tipo_colaborador" time="0.746" /><testcase classname="backend.tests.test_tipo_colaborador.TestTipoColaborador" name="test_get_users_returns_tipo_colaborador" time="0.177" /><testcase classname="backend.tests.test_tipo_colaborador.TestTipoColaborador" name="test_put_admin_users_accepts_tipo_colaborador_junior" time="0.554" /><testcase classname="backend.tests.test_tipo_colaborador.TestTipoColaborador" name="test_put_admin_users_accepts_tipo_colaborador_tecnico" time="0.292" /><testcase classname="backend.tests.test_tipo_colaborador.TestTipoColaborador" name="test_put_admin_users_accepts_tipo_colaborador_senior" time="0.293" /><testcase classname="backend.tests.test_tipo_colaborador.TestTipoColaborador" name="test_put_admin_users_accepts_empty_tipo_colaborador" time="0.315" /><testcase classname="backend.tests.test_tipo_colaborador.TestTipoColaborador" name="test_set_tecnico_for_integration_test" time="0.172" /></testsuite></testsuites>