<?xml version="1.0" encoding="utf-8"?><testsuites name="pytest tests"><testsuite name="pytest" errors="0" failures="0" skipped="0" tests="10" time="5.253" timestamp="2026-04-20T09:31:00.832602+00:00" hostname="agent-env-8520dbc1-b251-4dda-9039-aa68e45993f1"><testcase classname="backend.tests.test_timezone_dst_fix.TestLogin" name="test_login_teste_user" time="0.378" /><testcase classname="backend.tests.test_timezone_dst_fix.TestLogin" name="test_login_admin_user" time="0.269" /><testcase classname="backend.tests.test_timezone_dst_fix.TestTimeEntryStartClientTime" name="test_start_with_client_time_stores_local" time="0.803" /><testcase classname="backend.tests.test_timezone_dst_fix.TestTimeEntryStartClientTime" name="test_start_fallback_to_lisbon" time="0.516" /><testcase classname="backend.tests.test_timezone_dst_fix.TestTimeEntryEndClientTime" name="test_end_with_client_time_calculates_correct_hours" time="0.326" /><testcase classname="backend.tests.test_timezone_dst_fix.TestTimeEntryEndClientTime" name="test_end_fallback_when_no_client_time" time="0.333" /><testcase classname="backend.tests.test_timezone_dst_fix.TestGetTodayLocalDate" name="test_today_uses_local_date" time="0.670" /><testcase classname="backend.tests.test_timezone_dst_fix.TestRealtimeStatusLocalTime" name="test_my_realtime_status_local_time" time="0.661" /><testcase classname="backend.tests.test_timezone_dst_fix.TestRealtimeStatusLocalTime" name="test_admin_realtime_status_local_time" time="0.899" /><testcase classname="backend.tests.test_timezone_dst_fix.TestDSTEdgeCases" name="test_duration_across_offsets" time="0.327" /></testsuite></testsuites>