<?xml version="1.0" encoding="utf-8"?><testsuites name="pytest tests"><testsuite name="pytest" errors="0" failures="0" skipped="1" tests="38" time="48.551" timestamp="2026-03-20T22:01:16.616090+00:00" hostname="agent-env-8520dbc1-b251-4dda-9039-aa68e45993f1"><testcase classname="backend.tests.test_regression_phase2.TestAuthRoutes" name="test_login_admin_success" time="0.372" /><testcase classname="backend.tests.test_regression_phase2.TestAuthRoutes" name="test_login_non_admin_success" time="0.112"><skipped type="pytest.skip" message="Non-admin user may not have password set in database (data issue, not code regression)">/app/backend/tests/test_regression_phase2.py:57: Non-admin user may not have password set in database (data issue, not code regression)</skipped></testcase><testcase classname="backend.tests.test_regression_phase2.TestAuthRoutes" name="test_login_invalid_credentials" time="0.129" /><testcase classname="backend.tests.test_regression_phase2.TestAuthRoutes" name="test_auth_me_with_token" time="0.452" /><testcase classname="backend.tests.test_regression_phase2.TestAuthRoutes" name="test_auth_me_without_token" time="0.106" /><testcase classname="backend.tests.test_regression_phase2.TestClientesRoutes" name="test_get_clientes_list" time="0.456" /><testcase classname="backend.tests.test_regression_phase2.TestClientesRoutes" name="test_get_clientes_requires_auth" time="0.127" /><testcase classname="backend.tests.test_regression_phase2.TestClientesRoutes" name="test_create_cliente" time="0.552" /><testcase classname="backend.tests.test_regression_phase2.TestClientesRoutes" name="test_update_cliente" time="0.664" /><testcase classname="backend.tests.test_regression_phase2.TestEquipamentosRoutes" name="test_get_equipamentos_list" time="0.471" /><testcase classname="backend.tests.test_regression_phase2.TestEquipamentosRoutes" name="test_get_equipamentos_by_cliente" time="0.563" /><testcase classname="backend.tests.test_regression_phase2.TestEquipamentosRoutes" name="test_create_equipamento" time="0.816" /><testcase classname="backend.tests.test_regression_phase2.TestEquipamentosRoutes" name="test_get_equipamento_intervencoes" time="0.568" /><testcase classname="backend.tests.test_regression_phase2.TestNotificationsRoutes" name="test_get_notifications" time="0.435" /><testcase classname="backend.tests.test_regression_phase2.TestNotificationsRoutes" name="test_notifications_requires_auth" time="0.116" /><testcase classname="backend.tests.test_regression_phase2.TestNotificationsRoutes" name="test_get_vapid_public_key" time="0.123" /><testcase classname="backend.tests.test_regression_phase2.TestNotificationsRoutes" name="test_subscribe_push_invalid_data" time="0.442" /><testcase classname="backend.tests.test_regression_phase2.TestPedidosCotacaoRoutes" name="test_get_pedidos_cotacao" time="0.522" /><testcase classname="backend.tests.test_regression_phase2.TestPedidosCotacaoRoutes" name="test_pedidos_cotacao_requires_auth" time="0.122" /><testcase classname="backend.tests.test_regression_phase2.TestPedidosCotacaoRoutes" name="test_get_pc_not_found" time="0.431" /><testcase classname="backend.tests.test_regression_phase2.TestCompanyInfoRoutes" name="test_get_company_info_public" time="0.112" /><testcase classname="backend.tests.test_regression_phase2.TestCompanyInfoRoutes" name="test_update_company_info_requires_admin" time="0.129" /><testcase classname="backend.tests.test_regression_phase2.TestCompanyInfoRoutes" name="test_update_company_info_admin" time="0.569" /><testcase classname="backend.tests.test_regression_phase2.TestTabelasTarifasRoutes" name="test_get_tabelas_preco" time="0.456" /><testcase classname="backend.tests.test_regression_phase2.TestTabelasTarifasRoutes" name="test_get_tarifas" time="0.437" /><testcase classname="backend.tests.test_regression_phase2.TestTabelasTarifasRoutes" name="test_tarifas_requires_auth" time="0.110" /><testcase classname="backend.tests.test_regression_phase2.TestTabelasTarifasRoutes" name="test_get_tarifas_by_table" time="0.426" /><testcase classname="backend.tests.test_regression_phase2.TestReferencesRoutes" name="test_get_admin_reference_tokens" time="0.461" /><testcase classname="backend.tests.test_regression_phase2.TestReferencesRoutes" name="test_get_reference_tokens_requires_admin" time="0.122" /><testcase classname="backend.tests.test_regression_phase2.TestReferencesRoutes" name="test_public_reference_invalid_token" time="0.108" /><testcase classname="backend.tests.test_regression_phase2.TestReferencesRoutes" name="test_submit_reference_invalid_token" time="0.114" /><testcase classname="backend.tests.test_regression_phase2.TestRelatoriosTecnicosEndpoints" name="test_get_relatorios_tecnicos_list" time="36.239" /><testcase classname="backend.tests.test_regression_phase2.TestRelatoriosTecnicosEndpoints" name="test_get_relatorios_requires_auth" time="0.108" /><testcase classname="backend.tests.test_regression_phase2.TestServicesEndpoints" name="test_get_services" time="0.530" /><testcase classname="backend.tests.test_regression_phase2.TestServicesEndpoints" name="test_services_requires_auth" time="0.243" /><testcase classname="backend.tests.test_regression_phase2.TestTimeEntriesEndpoints" name="test_get_time_entries_today" time="0.498" /><testcase classname="backend.tests.test_regression_phase2.TestTimeEntriesEndpoints" name="test_time_entries_requires_auth" time="0.106" /><testcase classname="backend.tests.test_regression_phase2.TestHealthEndpoint" name="test_health_check" time="0.109" /></testsuite></testsuites>