<?xml version="1.0" encoding="utf-8"?><testsuites name="pytest tests"><testsuite name="pytest" errors="0" failures="0" skipped="0" tests="12" time="3.856" timestamp="2026-02-19T18:03:42.094197+00:00" hostname="agent-env-43315079-512e-477f-9752-d30ea6819ca2"><testcase classname="backend.tests.test_geolocation_admin.TestGeolocationAdmin" name="test_all_current_locations_success" time="0.673" /><testcase classname="backend.tests.test_geolocation_admin.TestGeolocationAdmin" name="test_all_current_locations_structure" time="0.140" /><testcase classname="backend.tests.test_geolocation_admin.TestGeolocationAdmin" name="test_all_current_locations_unauthorized" time="0.132" /><testcase classname="backend.tests.test_geolocation_admin.TestGeolocationAdmin" name="test_all_current_locations_non_admin" time="0.647" /><testcase classname="backend.tests.test_geolocation_admin.TestGeolocationAdmin" name="test_user_location_history_success" time="0.351" /><testcase classname="backend.tests.test_geolocation_admin.TestGeolocationAdmin" name="test_user_location_history_with_date_filter" time="0.122" /><testcase classname="backend.tests.test_geolocation_admin.TestGeolocationAdmin" name="test_user_location_history_structure" time="0.144" /><testcase classname="backend.tests.test_geolocation_admin.TestGeolocationAdmin" name="test_user_location_history_unauthorized" time="0.130" /><testcase classname="backend.tests.test_geolocation_admin.TestGeolocationAdmin" name="test_user_location_history_invalid_user" time="0.174" /><testcase classname="backend.tests.test_geolocation_admin.TestGeolocationAdmin" name="test_user_location_default_date_range" time="0.377" /><testcase classname="backend.tests.test_geolocation_admin.TestGeolocationIntegration" name="test_current_locations_match_user_history" time="0.762" /><testcase classname="backend.tests.test_geolocation_admin.TestGeolocationIntegration" name="test_admin_users_endpoint_exists" time="0.126" /></testsuite></testsuites>