<?xml version="1.0" encoding="utf-8"?><testsuites name="pytest tests"><testsuite name="pytest" errors="0" failures="0" skipped="0" tests="13" time="3.256" timestamp="2026-03-07T13:23:07.188565+00:00" hostname="agent-env-8520dbc1-b251-4dda-9039-aa68e45993f1"><testcase classname="backend.tests.test_funcao_ot_roles.TestFuncaoOtRoles" name="test_health_check" time="0.154" /><testcase classname="backend.tests.test_funcao_ot_roles.TestFuncaoOtRoles" name="test_login_admin" time="0.362" /><testcase classname="backend.tests.test_funcao_ot_roles.TestFuncaoOtRoles" name="test_get_existing_registos" time="0.440" /><testcase classname="backend.tests.test_funcao_ot_roles.TestFuncaoOtRoles" name="test_create_registo_with_junior" time="0.330" /><testcase classname="backend.tests.test_funcao_ot_roles.TestFuncaoOtRoles" name="test_create_registo_with_senior" time="0.331" /><testcase classname="backend.tests.test_funcao_ot_roles.TestFuncaoOtRoles" name="test_create_registo_with_tecnico" time="0.328" /><testcase classname="backend.tests.test_funcao_ot_roles.TestTarifasWithTipoColaborador" name="test_get_tarifas_no_ajudante" time="0.105" /><testcase classname="backend.tests.test_funcao_ot_roles.TestTarifasWithTipoColaborador" name="test_get_tarifas_by_table" time="0.173" /><testcase classname="backend.tests.test_funcao_ot_roles.TestTarifasWithTipoColaborador" name="test_create_tarifa_with_junior" time="0.199" /><testcase classname="backend.tests.test_funcao_ot_roles.TestTarifasWithTipoColaborador" name="test_create_tarifa_with_senior" time="0.205" /><testcase classname="backend.tests.test_funcao_ot_roles.TestTarifasWithTipoColaborador" name="test_create_tarifa_with_tecnico" time="0.234" /><testcase classname="backend.tests.test_funcao_ot_roles.TestTecnicoManualRegistration" name="test_add_tecnico_manual_with_junior" time="0.218" /><testcase classname="backend.tests.test_funcao_ot_roles.TestFolhaHorasData" name="test_folha_horas_data_endpoint" time="0.104" /></testsuite></testsuites>