<?xml version="1.0" encoding="utf-8"?><testsuites name="pytest tests"><testsuite name="pytest" errors="0" failures="2" skipped="0" tests="7" time="12.192" timestamp="2026-02-27T21:45:16.016128+00:00" hostname="agent-env-8520dbc1-b251-4dda-9039-aa68e45993f1"><testcase classname="tests.test_oficina_feature.TestOficinaFeature" name="test_cronometro_iniciar_oficina" time="2.951" /><testcase classname="tests.test_oficina_feature.TestOficinaFeature" name="test_cronometro_invalid_tipo" time="0.685" /><testcase classname="tests.test_oficina_feature.TestOficinaFeature" name="test_cronometro_all_valid_tipos" time="4.311" /><testcase classname="tests.test_oficina_feature.TestOficinaFeature" name="test_manual_record_with_oficina_tipo" time="0.825" /><testcase classname="tests.test_oficina_feature.TestOficinaFeature" name="test_manual_record_tipo_options" time="1.568" /><testcase classname="tests.test_oficina_feature.TestOficinaFeature" name="test_change_tipo_to_oficina" time="0.854"><failure message="AssertionError: Failed to update tipo: {&quot;detail&quot;:&quot;Técnico não encontrado&quot;}&#10;assert 404 == 200&#10; +  where 404 = &lt;Response [404]&gt;.status_code">tests/test_oficina_feature.py:286: in test_change_tipo_to_oficina
    assert update_response.status_code == 200, f"Failed to update tipo: {update_response.text}"
E   AssertionError: Failed to update tipo: {"detail":"Técnico não encontrado"}
E   assert 404 == 200
E    +  where 404 = &lt;Response [404]&gt;.status_code</failure></testcase><testcase classname="tests.test_oficina_feature.TestOficinaFeature" name="test_get_tecnicos_includes_oficina_records" time="0.923"><failure message="AssertionError: Oficina record not found in GET response&#10;assert None is not None">tests/test_oficina_feature.py:351: in test_get_tecnicos_includes_oficina_records
    assert oficina_record is not None, "Oficina record not found in GET response"
E   AssertionError: Oficina record not found in GET response
E   assert None is not None</failure></testcase></testsuite></testsuites>