<?xml version="1.0" encoding="utf-8"?><testsuites name="pytest tests"><testsuite name="pytest" errors="0" failures="0" skipped="0" tests="9" time="2.786" timestamp="2026-03-02T22:05:39.761179+00:00" hostname="agent-env-8520dbc1-b251-4dda-9039-aa68e45993f1"><testcase classname="backend.tests.test_funcao_ot_feature.TestCronometroFuncaoOT" name="test_cronometro_iniciar_with_funcao_tecnico" time="0.797" /><testcase classname="backend.tests.test_funcao_ot_feature.TestCronometroFuncaoOT" name="test_cronometro_iniciar_with_funcao_ajudante" time="0.244" /><testcase classname="backend.tests.test_funcao_ot_feature.TestRegistoManualFuncaoOT" name="test_create_registo_manual_with_funcao_tecnico" time="0.142" /><testcase classname="backend.tests.test_funcao_ot_feature.TestRegistoManualFuncaoOT" name="test_create_registo_manual_with_funcao_ajudante" time="0.124" /><testcase classname="backend.tests.test_funcao_ot_feature.TestTarifaTipoColaborador" name="test_create_tarifa_with_tipo_colaborador_tecnico" time="0.224" /><testcase classname="backend.tests.test_funcao_ot_feature.TestTarifaTipoColaborador" name="test_create_tarifa_with_tipo_colaborador_ajudante" time="0.222" /><testcase classname="backend.tests.test_funcao_ot_feature.TestTarifaTipoColaborador" name="test_create_tarifa_with_tipo_colaborador_both" time="0.252" /><testcase classname="backend.tests.test_funcao_ot_feature.TestRegistosFuncaoOTListagem" name="test_get_registos_tecnicos_has_funcao_ot" time="0.121" /><testcase classname="backend.tests.test_funcao_ot_feature.TestCleanup" name="test_cleanup_test_registos" time="0.581" /></testsuite></testsuites>