<?xml version="1.0" encoding="utf-8"?><testsuites name="pytest tests"><testsuite name="pytest" errors="0" failures="0" skipped="0" tests="15" time="4.598" timestamp="2026-03-07T11:23:31.311798+00:00" hostname="agent-env-8520dbc1-b251-4dda-9039-aa68e45993f1"><testcase classname="backend.tests.test_folha_horas_pdf_v2.TestFolhaHorasPDFGeneration" name="test_generate_pdf_returns_200" time="0.499" /><testcase classname="backend.tests.test_folha_horas_pdf_v2.TestFolhaHorasPDFGeneration" name="test_pdf_contains_registos_gerais" time="0.140" /><testcase classname="backend.tests.test_folha_horas_pdf_v2.TestFolhaHorasPDFGeneration" name="test_pdf_contains_resumo_financeiro" time="0.143" /><testcase classname="backend.tests.test_folha_horas_pdf_v2.TestFolhaHorasPDFGeneration" name="test_pdf_contains_legal_note" time="0.132" /><testcase classname="backend.tests.test_folha_horas_pdf_v2.TestFolhaHorasPDFGeneration" name="test_pdf_excludes_combustivel_expenses" time="0.132" /><testcase classname="backend.tests.test_folha_horas_pdf_v2.TestFolhaHorasPDFGeneration" name="test_generate_pdf_nonexistent_ot" time="0.102" /><testcase classname="backend.tests.test_folha_horas_pdf_v2.TestTabelaPrecoImage" name="test_upload_image_returns_success" time="0.435" /><testcase classname="backend.tests.test_folha_horas_pdf_v2.TestTabelaPrecoImage" name="test_get_tabelas_preco_has_imagem_true" time="0.194" /><testcase classname="backend.tests.test_folha_horas_pdf_v2.TestTabelaPrecoImage" name="test_get_image_returns_binary" time="0.204" /><testcase classname="backend.tests.test_folha_horas_pdf_v2.TestTabelaPrecoImage" name="test_delete_image_returns_success" time="0.197" /><testcase classname="backend.tests.test_folha_horas_pdf_v2.TestTabelaPrecoImage" name="test_get_tabelas_preco_has_imagem_false_after_delete" time="0.302" /><testcase classname="backend.tests.test_folha_horas_pdf_v2.TestTabelaPrecoImage" name="test_get_image_returns_404_when_no_image" time="0.221" /><testcase classname="backend.tests.test_folha_horas_pdf_v2.TestPDFWithPriceTableImage" name="test_pdf_includes_tabela_precos_page" time="0.664" /><testcase classname="backend.tests.test_folha_horas_pdf_v2.TestFolhaHorasDataExcludesImageData" name="test_folha_horas_data_excludes_imagem_data" time="0.650" /><testcase classname="backend.tests.test_folha_horas_pdf_v2.TestMaterialStringQuantity" name="test_material_creation_with_string_quantity" time="0.523" /></testsuite></testsuites>