<?xml version="1.0" encoding="utf-8"?><testsuites name="pytest tests"><testsuite name="pytest" errors="0" failures="0" skipped="0" tests="16" time="18.141" timestamp="2026-03-20T20:27:44.571474+00:00" hostname="agent-env-8520dbc1-b251-4dda-9039-aa68e45993f1"><testcase classname="backend.tests.test_admin_reference_tokens.TestAdminReferenceTokens" name="test_get_all_reference_tokens_admin" time="0.994" /><testcase classname="backend.tests.test_admin_reference_tokens.TestAdminReferenceTokens" name="test_get_reference_tokens_non_admin_denied" time="0.812" /><testcase classname="backend.tests.test_admin_reference_tokens.TestAdminReferenceTokens" name="test_get_reference_tokens_no_auth_denied" time="0.833" /><testcase classname="backend.tests.test_admin_reference_tokens.TestAdminReferenceTokens" name="test_filter_by_status_pendente" time="0.789" /><testcase classname="backend.tests.test_admin_reference_tokens.TestAdminReferenceTokens" name="test_filter_by_status_submetido" time="0.813" /><testcase classname="backend.tests.test_admin_reference_tokens.TestAdminReferenceTokens" name="test_filter_by_cliente_name" time="0.809" /><testcase classname="backend.tests.test_admin_reference_tokens.TestAdminReferenceTokens" name="test_combined_filters" time="0.919" /><testcase classname="backend.tests.test_admin_reference_tokens.TestAdminReferenceTokens" name="test_delete_reference_token_non_admin_denied" time="1.007" /><testcase classname="backend.tests.test_admin_reference_tokens.TestAdminReferenceTokens" name="test_delete_reference_token_not_found" time="0.797" /><testcase classname="backend.tests.test_admin_reference_tokens.TestAdminReferenceTokens" name="test_resend_email_non_admin_denied" time="0.788" /><testcase classname="backend.tests.test_admin_reference_tokens.TestAdminReferenceTokens" name="test_resend_email_token_not_found" time="0.794" /><testcase classname="backend.tests.test_admin_reference_tokens.TestAdminReferenceTokens" name="test_resend_email_already_submitted" time="0.963" /><testcase classname="backend.tests.test_admin_reference_tokens.TestAdminReferenceTokens" name="test_resend_email_pending_token" time="5.166" /><testcase classname="backend.tests.test_admin_reference_tokens.TestAdminReferenceTokens" name="test_token_data_includes_fs_info" time="0.939" /><testcase classname="backend.tests.test_admin_reference_tokens.TestAdminReferenceTokens" name="test_token_status_badges" time="0.825" /><testcase classname="backend.tests.test_admin_reference_tokens.TestAdminReferenceTokens" name="test_submitted_reference_shows_value" time="0.819" /></testsuite></testsuites>