<?xml version="1.0" encoding="utf-8"?><testsuites name="pytest tests"><testsuite name="pytest" errors="0" failures="0" skipped="0" tests="9" time="1.781" timestamp="2026-06-30T19:15:10.521856+00:00" hostname="agent-env-8520dbc1-b251-4dda-9039-aa68e45993f1"><testcase classname="backend.tests.test_realtime_status_early_leave_credit" name="test_admin_realtime_status_with_credit_returns_200" time="0.672" /><testcase classname="backend.tests.test_realtime_status_early_leave_credit" name="test_admin_realtime_status_miguel_credit_not_in_entradas" time="0.128" /><testcase classname="backend.tests.test_realtime_status_early_leave_credit" name="test_admin_realtime_status_miguel_clock_in_out_from_real_entries" time="0.112" /><testcase classname="backend.tests.test_realtime_status_early_leave_credit" name="test_my_realtime_status_excludes_credit_entry" time="0.113" /><testcase classname="backend.tests.test_realtime_status_early_leave_credit" name="test_my_realtime_status_returns_200" time="0.144" /><testcase classname="backend.tests.test_realtime_status_early_leave_credit" name="test_monthly_detailed_regression_miguel" time="0.116" /><testcase classname="backend.tests.test_realtime_status_early_leave_credit" name="test_monthly_detailed_regression_teste" time="0.121" /><testcase classname="backend.tests.test_realtime_status_early_leave_credit" name="test_admin_realtime_status_after_deleting_credit" time="0.196" /><testcase classname="backend.tests.test_realtime_status_early_leave_credit" name="test_admin_realtime_status_no_entries_user_status_falta" time="0.116" /></testsuite></testsuites>