<?xml version="1.0" encoding="utf-8"?><testsuites name="pytest tests"><testsuite name="pytest" errors="33" failures="0" skipped="0" tests="57" time="0.438" timestamp="2026-09-03T14:06:19.413123+00:00" hostname="agent-env-8520dbc1-b251-4dda-9039-aa68e45993f1"><testcase classname="tests.test_pc_management.TestPCCreation" name="test_get_fs_exists" time="0.001"><error message="failed on setup with &quot;requests.exceptions.MissingSchema: Invalid URL '/api/auth/login': No scheme supplied. Perhaps you meant https:///api/auth/login?&quot;">E   requests.exceptions.MissingSchema: Invalid URL '/api/auth/login': No scheme supplied. Perhaps you meant https:///api/auth/login?</error></testcase><testcase classname="tests.test_pc_management.TestPCCreation" name="test_get_existing_pcs_for_fs" time="0.000"><error message="failed on setup with &quot;requests.exceptions.MissingSchema: Invalid URL '/api/auth/login': No scheme supplied. Perhaps you meant https:///api/auth/login?&quot;">E   requests.exceptions.MissingSchema: Invalid URL '/api/auth/login': No scheme supplied. Perhaps you meant https:///api/auth/login?</error></testcase><testcase classname="tests.test_pc_management.TestPCCreation" name="test_add_material_cotacao_creates_pc" time="0.000"><error message="failed on setup with &quot;requests.exceptions.MissingSchema: Invalid URL '/api/auth/login': No scheme supplied. Perhaps you meant https:///api/auth/login?&quot;">E   requests.exceptions.MissingSchema: Invalid URL '/api/auth/login': No scheme supplied. Perhaps you meant https:///api/auth/login?</error></testcase><testcase classname="tests.test_pc_management.TestPCCreation" name="test_add_material_cotacao_creates_subpc_when_pcs_exist" time="0.000"><error message="failed on setup with &quot;requests.exceptions.MissingSchema: Invalid URL '/api/auth/login': No scheme supplied. Perhaps you meant https:///api/auth/login?&quot;">E   requests.exceptions.MissingSchema: Invalid URL '/api/auth/login': No scheme supplied. Perhaps you meant https:///api/auth/login?</error></testcase><testcase classname="tests.test_pc_management.TestPCCreation" name="test_add_material_aggregate_to_existing_pc" time="0.000"><error message="failed on setup with &quot;requests.exceptions.MissingSchema: Invalid URL '/api/auth/login': No scheme supplied. Perhaps you meant https:///api/auth/login?&quot;">E   requests.exceptions.MissingSchema: Invalid URL '/api/auth/login': No scheme supplied. Perhaps you meant https:///api/auth/login?</error></testcase><testcase classname="tests.test_pc_management.TestPCGrouping" name="test_get_pcs_for_fs_returns_grouped_data" time="0.000"><error message="failed on setup with &quot;requests.exceptions.MissingSchema: Invalid URL '/api/auth/login': No scheme supplied. Perhaps you meant https:///api/auth/login?&quot;">E   requests.exceptions.MissingSchema: Invalid URL '/api/auth/login': No scheme supplied. Perhaps you meant https:///api/auth/login?</error></testcase><testcase classname="tests.test_pc_management.TestPCGrouping" name="test_get_all_pcs_system_wide" time="0.000"><error message="failed on setup with &quot;requests.exceptions.MissingSchema: Invalid URL '/api/auth/login': No scheme supplied. Perhaps you meant https:///api/auth/login?&quot;">E   requests.exceptions.MissingSchema: Invalid URL '/api/auth/login': No scheme supplied. Perhaps you meant https:///api/auth/login?</error></testcase><testcase classname="tests.test_pc_management.TestCleanup" name="test_cleanup_test_materials" time="0.000"><error message="failed on setup with &quot;requests.exceptions.MissingSchema: Invalid URL '/api/auth/login': No scheme supplied. Perhaps you meant https:///api/auth/login?&quot;">E   requests.exceptions.MissingSchema: Invalid URL '/api/auth/login': No scheme supplied. Perhaps you meant https:///api/auth/login?</error></testcase><testcase classname="tests.test_routes_smoke_imports" name="test_router_has_no_unresolved_names[absences_v2.py]" time="0.016" /><testcase classname="tests.test_routes_smoke_imports" name="test_router_has_no_unresolved_names[ai.py]" time="0.007" /><testcase classname="tests.test_routes_smoke_imports" name="test_router_has_no_unresolved_names[auth_routes.py]" time="0.003" /><testcase classname="tests.test_routes_smoke_imports" name="test_router_has_no_unresolved_names[clientes.py]" time="0.005" /><testcase classname="tests.test_routes_smoke_imports" name="test_router_has_no_unresolved_names[company_info.py]" time="0.003" /><testcase classname="tests.test_routes_smoke_imports" name="test_router_has_no_unresolved_names[cronometros.py]" time="0.003" /><testcase classname="tests.test_routes_smoke_imports" name="test_router_has_no_unresolved_names[despesas_internas.py]" time="0.009" /><testcase classname="tests.test_routes_smoke_imports" name="test_router_has_no_unresolved_names[equipamentos.py]" time="0.004" /><testcase classname="tests.test_routes_smoke_imports" name="test_router_has_no_unresolved_names[fornecedores.py]" time="0.002" /><testcase classname="tests.test_routes_smoke_imports" name="test_router_has_no_unresolved_names[indisponibilidades.py]" time="0.005" /><testcase classname="tests.test_routes_smoke_imports" name="test_router_has_no_unresolved_names[notifications.py]" time="0.005" /><testcase classname="tests.test_routes_smoke_imports" name="test_router_has_no_unresolved_names[onedrive.py]" time="0.011" /><testcase classname="tests.test_routes_smoke_imports" name="test_router_has_no_unresolved_names[overtime.py]" time="0.003" /><testcase classname="tests.test_routes_smoke_imports" name="test_router_has_no_unresolved_names[pc_extended.py]" time="0.009" /><testcase classname="tests.test_routes_smoke_imports" name="test_router_has_no_unresolved_names[pedidos_cotacao.py]" time="0.010" /><testcase classname="tests.test_routes_smoke_imports" name="test_router_has_no_unresolved_names[public_authorizations.py]" time="0.004" /><testcase classname="tests.test_routes_smoke_imports" name="test_router_has_no_unresolved_names[references.py]" time="0.005" /><testcase classname="tests.test_routes_smoke_imports" name="test_router_has_no_unresolved_names[relatorios.py]" time="0.081" /><testcase classname="tests.test_routes_smoke_imports" name="test_router_has_no_unresolved_names[relatorios_simples.py]" time="0.004" /><testcase classname="tests.test_routes_smoke_imports" name="test_router_has_no_unresolved_names[services.py]" time="0.009" /><testcase classname="tests.test_routes_smoke_imports" name="test_router_has_no_unresolved_names[tabelas_tarifas.py]" time="0.006" /><testcase classname="tests.test_routes_smoke_imports" name="test_router_has_no_unresolved_names[time_entries.py]" time="0.066" /><testcase classname="tests.test_routes_smoke_imports" name="test_router_has_no_unresolved_names[vacations.py]" time="0.011" /><testcase classname="tests.test_routes_smoke_imports" name="test_router_has_no_unresolved_names[vacations_v2.py]" time="0.010" /><testcase classname="tests.test_cronometro_bug_fix.TestCronometroBugFix" name="test_01_auth_works" time="0.000"><error message="failed on setup with &quot;requests.exceptions.MissingSchema: Invalid URL '/api/auth/login': No scheme supplied. Perhaps you meant https:///api/auth/login?&quot;">E   requests.exceptions.MissingSchema: Invalid URL '/api/auth/login': No scheme supplied. Perhaps you meant https:///api/auth/login?</error></testcase><testcase classname="tests.test_cronometro_bug_fix.TestCronometroBugFix" name="test_02_relatorio_exists" time="0.000"><error message="failed on setup with &quot;requests.exceptions.MissingSchema: Invalid URL '/api/auth/login': No scheme supplied. Perhaps you meant https:///api/auth/login?&quot;">E   requests.exceptions.MissingSchema: Invalid URL '/api/auth/login': No scheme supplied. Perhaps you meant https:///api/auth/login?</error></testcase><testcase classname="tests.test_cronometro_bug_fix.TestCronometroBugFix" name="test_03_start_viagem_cronometro" time="0.000"><error message="failed on setup with &quot;requests.exceptions.MissingSchema: Invalid URL '/api/auth/login': No scheme supplied. Perhaps you meant https:///api/auth/login?&quot;">E   requests.exceptions.MissingSchema: Invalid URL '/api/auth/login': No scheme supplied. Perhaps you meant https:///api/auth/login?</error></testcase><testcase classname="tests.test_cronometro_bug_fix.TestCronometroBugFix" name="test_04_stop_viagem_cronometro_verify_minutos" time="0.000"><error message="failed on setup with &quot;requests.exceptions.MissingSchema: Invalid URL '/api/auth/login': No scheme supplied. Perhaps you meant https:///api/auth/login?&quot;">E   requests.exceptions.MissingSchema: Invalid URL '/api/auth/login': No scheme supplied. Perhaps you meant https:///api/auth/login?</error></testcase><testcase classname="tests.test_cronometro_bug_fix.TestCronometroBugFix" name="test_05_start_trabalho_cronometro" time="0.000"><error message="failed on setup with &quot;requests.exceptions.MissingSchema: Invalid URL '/api/auth/login': No scheme supplied. Perhaps you meant https:///api/auth/login?&quot;">E   requests.exceptions.MissingSchema: Invalid URL '/api/auth/login': No scheme supplied. Perhaps you meant https:///api/auth/login?</error></testcase><testcase classname="tests.test_cronometro_bug_fix.TestCronometroBugFix" name="test_06_stop_trabalho_cronometro_verify_minutos" time="0.000"><error message="failed on setup with &quot;requests.exceptions.MissingSchema: Invalid URL '/api/auth/login': No scheme supplied. Perhaps you meant https:///api/auth/login?&quot;">E   requests.exceptions.MissingSchema: Invalid URL '/api/auth/login': No scheme supplied. Perhaps you meant https:///api/auth/login?</error></testcase><testcase classname="tests.test_cronometro_bug_fix.TestCronometroBugFix" name="test_07_get_registos_tecnicos_has_minutos" time="0.000"><error message="failed on setup with &quot;requests.exceptions.MissingSchema: Invalid URL '/api/auth/login': No scheme supplied. Perhaps you meant https:///api/auth/login?&quot;">E   requests.exceptions.MissingSchema: Invalid URL '/api/auth/login': No scheme supplied. Perhaps you meant https:///api/auth/login?</error></testcase><testcase classname="tests.test_cronometro_bug_fix.TestCronometroBugFix" name="test_08_folha_horas_data_has_minutos" time="0.000"><error message="failed on setup with &quot;requests.exceptions.MissingSchema: Invalid URL '/api/auth/login': No scheme supplied. Perhaps you meant https:///api/auth/login?&quot;">E   requests.exceptions.MissingSchema: Invalid URL '/api/auth/login': No scheme supplied. Perhaps you meant https:///api/auth/login?</error></testcase><testcase classname="tests.test_cronometro_bug_fix.TestCronometroBugFix" name="test_09_cleanup_created_registos" time="0.000"><error message="failed on setup with &quot;requests.exceptions.MissingSchema: Invalid URL '/api/auth/login': No scheme supplied. Perhaps you meant https:///api/auth/login?&quot;">E   requests.exceptions.MissingSchema: Invalid URL '/api/auth/login': No scheme supplied. Perhaps you meant https:///api/auth/login?</error></testcase><testcase classname="tests.test_cronometro_bug_fix.TestMigrationNoCorruption" name="test_10_no_records_with_null_minutos_after_restart" time="0.000"><error message="failed on setup with &quot;requests.exceptions.MissingSchema: Invalid URL '/api/auth/login': No scheme supplied. Perhaps you meant https:///api/auth/login?&quot;">E   requests.exceptions.MissingSchema: Invalid URL '/api/auth/login': No scheme supplied. Perhaps you meant https:///api/auth/login?</error></testcase><testcase classname="tests.test_fs_edit_features.TestFSEditFeatures" name="test_get_fs_photos" time="0.000"><error message="failed on setup with &quot;requests.exceptions.MissingSchema: Invalid URL '/api/auth/login': No scheme supplied. Perhaps you meant https:///api/auth/login?&quot;">E   requests.exceptions.MissingSchema: Invalid URL '/api/auth/login': No scheme supplied. Perhaps you meant https:///api/auth/login?</error></testcase><testcase classname="tests.test_fs_edit_features.TestFSEditFeatures" name="test_update_photo_description" time="0.000"><error message="failed on setup with &quot;requests.exceptions.MissingSchema: Invalid URL '/api/auth/login': No scheme supplied. Perhaps you meant https:///api/auth/login?&quot;">E   requests.exceptions.MissingSchema: Invalid URL '/api/auth/login': No scheme supplied. Perhaps you meant https:///api/auth/login?</error></testcase><testcase classname="tests.test_fs_edit_features.TestFSEditFeatures" name="test_update_photo_date" time="0.000"><error message="failed on setup with &quot;requests.exceptions.MissingSchema: Invalid URL '/api/auth/login': No scheme supplied. Perhaps you meant https:///api/auth/login?&quot;">E   requests.exceptions.MissingSchema: Invalid URL '/api/auth/login': No scheme supplied. Perhaps you meant https:///api/auth/login?</error></testcase><testcase classname="tests.test_fs_edit_features.TestFSEditFeatures" name="test_update_photo_intervencao_id" time="0.000"><error message="failed on setup with &quot;requests.exceptions.MissingSchema: Invalid URL '/api/auth/login': No scheme supplied. Perhaps you meant https:///api/auth/login?&quot;">E   requests.exceptions.MissingSchema: Invalid URL '/api/auth/login': No scheme supplied. Perhaps you meant https:///api/auth/login?</error></testcase><testcase classname="tests.test_fs_edit_features.TestFSEditFeatures" name="test_get_fs_signatures" time="0.000"><error message="failed on setup with &quot;requests.exceptions.MissingSchema: Invalid URL '/api/auth/login': No scheme supplied. Perhaps you meant https:///api/auth/login?&quot;">E   requests.exceptions.MissingSchema: Invalid URL '/api/auth/login': No scheme supplied. Perhaps you meant https:///api/auth/login?</error></testcase><testcase classname="tests.test_fs_edit_features.TestFSEditFeatures" name="test_update_signature_name" time="0.000"><error message="failed on setup with &quot;requests.exceptions.MissingSchema: Invalid URL '/api/auth/login': No scheme supplied. Perhaps you meant https:///api/auth/login?&quot;">E   requests.exceptions.MissingSchema: Invalid URL '/api/auth/login': No scheme supplied. Perhaps you meant https:///api/auth/login?</error></testcase><testcase classname="tests.test_fs_edit_features.TestFSEditFeatures" name="test_update_signature_date" time="0.000"><error message="failed on setup with &quot;requests.exceptions.MissingSchema: Invalid URL '/api/auth/login': No scheme supplied. Perhaps you meant https:///api/auth/login?&quot;">E   requests.exceptions.MissingSchema: Invalid URL '/api/auth/login': No scheme supplied. Perhaps you meant https:///api/auth/login?</error></testcase><testcase classname="tests.test_fs_edit_features.TestFSEditFeatures" name="test_get_fs_materials" time="0.000"><error message="failed on setup with &quot;requests.exceptions.MissingSchema: Invalid URL '/api/auth/login': No scheme supplied. Perhaps you meant https:///api/auth/login?&quot;">E   requests.exceptions.MissingSchema: Invalid URL '/api/auth/login': No scheme supplied. Perhaps you meant https:///api/auth/login?</error></testcase><testcase classname="tests.test_fs_edit_features.TestFSEditFeatures" name="test_update_material_intervencao_id" time="0.000"><error message="failed on setup with &quot;requests.exceptions.MissingSchema: Invalid URL '/api/auth/login': No scheme supplied. Perhaps you meant https:///api/auth/login?&quot;">E   requests.exceptions.MissingSchema: Invalid URL '/api/auth/login': No scheme supplied. Perhaps you meant https:///api/auth/login?</error></testcase><testcase classname="tests.test_fs_edit_features.TestFSEditFeatures" name="test_get_fs_equipment" time="0.000"><error message="failed on setup with &quot;requests.exceptions.MissingSchema: Invalid URL '/api/auth/login': No scheme supplied. Perhaps you meant https:///api/auth/login?&quot;">E   requests.exceptions.MissingSchema: Invalid URL '/api/auth/login': No scheme supplied. Perhaps you meant https:///api/auth/login?</error></testcase><testcase classname="tests.test_fs_edit_features.TestFSEditFeatures" name="test_update_equipment_intervencao_id" time="0.000"><error message="failed on setup with &quot;requests.exceptions.MissingSchema: Invalid URL '/api/auth/login': No scheme supplied. Perhaps you meant https:///api/auth/login?&quot;">E   requests.exceptions.MissingSchema: Invalid URL '/api/auth/login': No scheme supplied. Perhaps you meant https:///api/auth/login?</error></testcase><testcase classname="tests.test_fs_edit_features.TestFSEditFeatures" name="test_update_photo_invalid_id" time="0.000"><error message="failed on setup with &quot;requests.exceptions.MissingSchema: Invalid URL '/api/auth/login': No scheme supplied. Perhaps you meant https:///api/auth/login?&quot;">E   requests.exceptions.MissingSchema: Invalid URL '/api/auth/login': No scheme supplied. Perhaps you meant https:///api/auth/login?</error></testcase><testcase classname="tests.test_fs_edit_features.TestFSEditFeatures" name="test_update_signature_invalid_id" time="0.000"><error message="failed on setup with &quot;requests.exceptions.MissingSchema: Invalid URL '/api/auth/login': No scheme supplied. Perhaps you meant https:///api/auth/login?&quot;">E   requests.exceptions.MissingSchema: Invalid URL '/api/auth/login': No scheme supplied. Perhaps you meant https:///api/auth/login?</error></testcase><testcase classname="tests.test_fs_edit_features.TestFSEditFeatures" name="test_update_photo_empty_data" time="0.000"><error message="failed on setup with &quot;requests.exceptions.MissingSchema: Invalid URL '/api/auth/login': No scheme supplied. Perhaps you meant https:///api/auth/login?&quot;">E   requests.exceptions.MissingSchema: Invalid URL '/api/auth/login': No scheme supplied. Perhaps you meant https:///api/auth/login?</error></testcase><testcase classname="tests.test_fs_edit_features.TestFSEditFeatures" name="test_update_signature_empty_data" time="0.000"><error message="failed on setup with &quot;requests.exceptions.MissingSchema: Invalid URL '/api/auth/login': No scheme supplied. Perhaps you meant https:///api/auth/login?&quot;">E   requests.exceptions.MissingSchema: Invalid URL '/api/auth/login': No scheme supplied. Perhaps you meant https:///api/auth/login?</error></testcase></testsuite></testsuites>