<?xml version="1.0" encoding="utf-8"?><testsuites name="pytest tests"><testsuite name="pytest" errors="0" failures="0" skipped="15" tests="25" time="28.369" timestamp="2026-09-03T14:06:35.199538+00:00" hostname="agent-env-8520dbc1-b251-4dda-9039-aa68e45993f1"><testcase classname="tests.test_fs_edit_features.TestFSEditFeatures" name="test_get_fs_photos" time="0.518"><skipped type="pytest.skip" message="Login failed: 401">/app/backend/tests/test_fs_edit_features.py:51: Login failed: 401</skipped></testcase><testcase classname="tests.test_fs_edit_features.TestFSEditFeatures" name="test_update_photo_description" time="0.353"><skipped type="pytest.skip" message="Login failed: 401">/app/backend/tests/test_fs_edit_features.py:67: Login failed: 401</skipped></testcase><testcase classname="tests.test_fs_edit_features.TestFSEditFeatures" name="test_update_photo_date" time="0.359"><skipped type="pytest.skip" message="Login failed: 401">/app/backend/tests/test_fs_edit_features.py:100: Login failed: 401</skipped></testcase><testcase classname="tests.test_fs_edit_features.TestFSEditFeatures" name="test_update_photo_intervencao_id" time="0.454"><skipped type="pytest.skip" message="Login failed: 401">/app/backend/tests/test_fs_edit_features.py:132: Login failed: 401</skipped></testcase><testcase classname="tests.test_fs_edit_features.TestFSEditFeatures" name="test_get_fs_signatures" time="0.453"><skipped type="pytest.skip" message="Login failed: 401">/app/backend/tests/test_fs_edit_features.py:175: Login failed: 401</skipped></testcase><testcase classname="tests.test_fs_edit_features.TestFSEditFeatures" name="test_update_signature_name" time="0.481"><skipped type="pytest.skip" message="Login failed: 401">/app/backend/tests/test_fs_edit_features.py:190: Login failed: 401</skipped></testcase><testcase classname="tests.test_fs_edit_features.TestFSEditFeatures" name="test_update_signature_date" time="0.463"><skipped type="pytest.skip" message="Login failed: 401">/app/backend/tests/test_fs_edit_features.py:235: Login failed: 401</skipped></testcase><testcase classname="tests.test_fs_edit_features.TestFSEditFeatures" name="test_get_fs_materials" time="0.374"><skipped type="pytest.skip" message="Login failed: 401">/app/backend/tests/test_fs_edit_features.py:266: Login failed: 401</skipped></testcase><testcase classname="tests.test_fs_edit_features.TestFSEditFeatures" name="test_update_material_intervencao_id" time="0.370"><skipped type="pytest.skip" message="Login failed: 401">/app/backend/tests/test_fs_edit_features.py:277: Login failed: 401</skipped></testcase><testcase classname="tests.test_fs_edit_features.TestFSEditFeatures" name="test_get_fs_equipment" time="0.379"><skipped type="pytest.skip" message="Login failed: 401">/app/backend/tests/test_fs_edit_features.py:317: Login failed: 401</skipped></testcase><testcase classname="tests.test_fs_edit_features.TestFSEditFeatures" name="test_update_equipment_intervencao_id" time="0.474"><skipped type="pytest.skip" message="Login failed: 401">/app/backend/tests/test_fs_edit_features.py:328: Login failed: 401</skipped></testcase><testcase classname="tests.test_fs_edit_features.TestFSEditFeatures" name="test_update_photo_invalid_id" time="0.361"><skipped type="pytest.skip" message="Login failed: 401">/app/backend/tests/test_fs_edit_features.py:368: Login failed: 401</skipped></testcase><testcase classname="tests.test_fs_edit_features.TestFSEditFeatures" name="test_update_signature_invalid_id" time="0.811"><skipped type="pytest.skip" message="Login failed: 401">/app/backend/tests/test_fs_edit_features.py:376: Login failed: 401</skipped></testcase><testcase classname="tests.test_fs_edit_features.TestFSEditFeatures" name="test_update_photo_empty_data" time="0.466"><skipped type="pytest.skip" message="Login failed: 401">/app/backend/tests/test_fs_edit_features.py:384: Login failed: 401</skipped></testcase><testcase classname="tests.test_fs_edit_features.TestFSEditFeatures" name="test_update_signature_empty_data" time="0.359"><skipped type="pytest.skip" message="Login failed: 401">/app/backend/tests/test_fs_edit_features.py:398: Login failed: 401</skipped></testcase><testcase classname="tests.test_cronometro_bug_fix.TestCronometroBugFix" name="test_01_auth_works" time="0.521" /><testcase classname="tests.test_cronometro_bug_fix.TestCronometroBugFix" name="test_02_relatorio_exists" time="0.090" /><testcase classname="tests.test_cronometro_bug_fix.TestCronometroBugFix" name="test_03_start_viagem_cronometro" time="0.215" /><testcase classname="tests.test_cronometro_bug_fix.TestCronometroBugFix" name="test_04_stop_viagem_cronometro_verify_minutos" time="10.105" /><testcase classname="tests.test_cronometro_bug_fix.TestCronometroBugFix" name="test_05_start_trabalho_cronometro" time="0.199" /><testcase classname="tests.test_cronometro_bug_fix.TestCronometroBugFix" name="test_06_stop_trabalho_cronometro_verify_minutos" time="10.093" /><testcase classname="tests.test_cronometro_bug_fix.TestCronometroBugFix" name="test_07_get_registos_tecnicos_has_minutos" time="0.069" /><testcase classname="tests.test_cronometro_bug_fix.TestCronometroBugFix" name="test_08_folha_horas_data_has_minutos" time="0.094" /><testcase classname="tests.test_cronometro_bug_fix.TestCronometroBugFix" name="test_09_cleanup_created_registos" time="0.165" /><testcase classname="tests.test_cronometro_bug_fix.TestMigrationNoCorruption" name="test_10_no_records_with_null_minutos_after_restart" time="0.075" /></testsuite></testsuites>