<?xml version="1.0" encoding="utf-8"?><testsuites name="pytest tests"><testsuite name="pytest" errors="0" failures="0" skipped="0" tests="5" time="1.998" timestamp="2026-06-30T13:12:43.273436+00:00" hostname="agent-env-8520dbc1-b251-4dda-9039-aa68e45993f1"><testcase classname="backend.tests.test_miguel_login" name="test_login_miguel_by_username" time="0.519" /><testcase classname="backend.tests.test_miguel_login" name="test_login_miguel_by_email" time="0.363" /><testcase classname="backend.tests.test_miguel_login" name="test_login_miguel_wrong_password" time="0.331" /><testcase classname="backend.tests.test_miguel_login" name="test_auth_me_for_miguel" time="0.411" /><testcase classname="backend.tests.test_miguel_login" name="test_legacy_admin_login_still_works" time="0.322" /></testsuite></testsuites>