<?xml version="1.0" encoding="utf-8"?><testsuites name="pytest tests"><testsuite name="pytest" errors="0" failures="0" skipped="0" tests="8" time="1.671" timestamp="2026-06-30T13:27:05.033514+00:00" hostname="agent-env-8520dbc1-b251-4dda-9039-aa68e45993f1"><testcase classname="backend.tests.test_vacation_year_filter.TestMyRequestsYearFilter" name="test_my_requests_returns_list" time="0.648" /><testcase classname="backend.tests.test_vacation_year_filter.TestMyRequestsYearFilter" name="test_no_approved_request_from_previous_years" time="0.171" /><testcase classname="backend.tests.test_vacation_year_filter.TestMyRequestsYearFilter" name="test_non_approved_old_requests_remain_visible" time="0.137" /><testcase classname="backend.tests.test_vacation_year_filter.TestMyRequestsYearFilter" name="test_current_year_approved_still_visible" time="0.099" /><testcase classname="backend.tests.test_vacation_year_filter.TestAllBalancesYearFilter" name="test_endpoint_ok" time="0.140" /><testcase classname="backend.tests.test_vacation_year_filter.TestAllBalancesYearFilter" name="test_no_approved_request_from_previous_years_in_any_user" time="0.099" /><testcase classname="backend.tests.test_vacation_year_filter.TestAllBalancesYearFilter" name="test_miguel_has_approved_current_year_entries" time="0.108" /><testcase classname="backend.tests.test_vacation_year_filter.TestVacationBalanceUnchanged" name="test_balance_endpoint_ok" time="0.211" /></testsuite></testsuites>