<?xml version="1.0" encoding="utf-8"?><testsuites name="pytest tests"><testsuite name="pytest" errors="0" failures="0" skipped="0" tests="6" time="1.431" timestamp="2026-06-30T13:34:11.048251+00:00" hostname="agent-env-8520dbc1-b251-4dda-9039-aa68e45993f1"><testcase classname="backend.tests.test_vacation_include_past_toggle" name="test_my_requests_default_excludes_past_approved" time="0.619" /><testcase classname="backend.tests.test_vacation_include_past_toggle" name="test_my_requests_include_past_false_explicit" time="0.104" /><testcase classname="backend.tests.test_vacation_include_past_toggle" name="test_my_requests_include_past_true_count_gte" time="0.210" /><testcase classname="backend.tests.test_vacation_include_past_toggle" name="test_all_balances_default_only_current_year_approved" time="0.119" /><testcase classname="backend.tests.test_vacation_include_past_toggle" name="test_all_balances_include_past_true_has_past_approved" time="0.116" /><testcase classname="backend.tests.test_vacation_include_past_toggle" name="test_all_balances_default_vs_all_count" time="0.208" /></testsuite></testsuites>