<?xml version="1.0" encoding="utf-8"?><testsuites name="pytest tests"><testsuite name="pytest" errors="0" failures="0" skipped="0" tests="8" time="7.964" timestamp="2026-06-30T14:06:48.215926+00:00" hostname="agent-env-8520dbc1-b251-4dda-9039-aa68e45993f1"><testcase classname="tests.test_early_leave_company_order" name="test_happy_path_creates_request" time="3.837" /><testcase classname="tests.test_early_leave_company_order" name="test_list_authorizations_includes_early_leave" time="0.253" /><testcase classname="tests.test_early_leave_company_order" name="test_approve_creates_credit_entry" time="0.111" /><testcase classname="tests.test_early_leave_company_order" name="test_reject_no_credit_entry" time="3.265" /><testcase classname="tests.test_early_leave_company_order" name="test_edge_single_entry_no_request" time="0.107" /><testcase classname="tests.test_early_leave_company_order" name="test_edge_total_already_8h_no_request" time="0.108" /><testcase classname="tests.test_early_leave_company_order" name="test_edge_no_flag_no_request" time="0.155" /><testcase classname="tests.test_early_leave_company_order" name="test_zz_cleanup" time="0.004" /></testsuite></testsuites>