<?xml version="1.0" encoding="utf-8"?><testsuites name="pytest tests"><testsuite name="pytest" errors="0" failures="0" skipped="0" tests="10" time="1.612" timestamp="2026-06-30T09:36:37.038556+00:00" hostname="agent-env-8520dbc1-b251-4dda-9039-aa68e45993f1"><testcase classname="backend.tests.test_authorizations_email_flow" name="test_helpers_exist" time="0.100" /><testcase classname="backend.tests.test_authorizations_email_flow" name="test_format_user_role_mapping" time="0.000" /><testcase classname="backend.tests.test_authorizations_email_flow" name="test_send_authorization_request_email_invokes_smtp" time="0.014" /><testcase classname="backend.tests.test_authorizations_email_flow" name="test_get_day_authorizations_enriched" time="0.516" /><testcase classname="backend.tests.test_authorizations_email_flow" name="test_get_overtime_authorizations_enriched" time="0.117" /><testcase classname="backend.tests.test_authorizations_email_flow" name="test_decide_day_authorization_approve" time="0.141" /><testcase classname="backend.tests.test_authorizations_email_flow" name="test_decide_day_authorization_reject" time="0.110" /><testcase classname="backend.tests.test_authorizations_email_flow" name="test_decide_overtime_authorization_approve" time="0.118" /><testcase classname="backend.tests.test_authorizations_email_flow" name="test_decide_overtime_authorization_missing_expires_at_tolerant" time="0.351" /><testcase classname="backend.tests.test_authorizations_email_flow" name="test_server_uses_email_for_day_auth_creation" time="0.001" /></testsuite></testsuites>